This is pdfTeX, Version 3.14159265-2.6-1.40.19 (MiKTeX 2.9.6800 64-bit) (preloaded format=pdflatex 2018.9.16)  17 NOV 2018 13:42
entering extended mode
**./nonliner.tex
(nonliner.tex
LaTeX2e <2018-04-01> patch level 5
(pre/themainpreumble.tex
("C:\Users\User\AppData\Local\Programs\MiKTeX 2.9\tex\latex\extsizes\extarticle
.cls"
Document Class: extarticle 1996/10/08 v1.0 Non Standard LaTeX document class
("C:\Users\User\AppData\Local\Programs\MiKTeX 2.9\tex\latex\base\size12.clo"
File: size12.clo 2014/09/29 v1.4h Standard LaTeX file (size option)
)
("C:\Users\User\AppData\Local\Programs\MiKTeX 2.9\tex\latex\base\exscale.sty"
Package: exscale 2014/09/29 v2.1h Standard LaTeX package exscale
LaTeX Font Info:    Redeclaring symbol font `largesymbols' on input line 57.
LaTeX Font Info:    Overwriting symbol font `largesymbols' in version `normal'
(Font)                  OMX/cmex/m/n --> OMX/cmex/m/n on input line 57.
LaTeX Font Info:    Overwriting symbol font `largesymbols' in version `bold'
(Font)                  OMX/cmex/m/n --> OMX/cmex/m/n on input line 57.
\big@size=\dimen102
)
\c@part=\count80
\c@section=\count81
\c@subsection=\count82
\c@subsubsection=\count83
\c@paragraph=\count84
\c@subparagraph=\count85
\c@figure=\count86
\c@table=\count87
\abovecaptionskip=\skip41
\belowcaptionskip=\skip42
\bibindent=\dimen103
) ("C:\Users\User\AppData\Local\Programs\MiKTeX 2.9\tex\latex\cmap\cmap.sty"
Package: cmap 2008/03/06 v1.0h CMap support: searchable PDF
)
("C:\Users\User\AppData\Local\Programs\MiKTeX 2.9\tex\latex\base\inputenc.sty"
Package: inputenc 2018/04/06 v1.3b Input encoding file
\inpenc@prehook=\toks14
\inpenc@posthook=\toks15

("C:\Users\User\AppData\Local\Programs\MiKTeX 2.9\tex\latex\ucs\utf8x.def"
File: utf8x.def 2004/10/17 UCS: Input encoding UTF-8
))
("C:\Users\User\AppData\Local\Programs\MiKTeX 2.9\tex\latex\ucs\ucs.sty"
Package: ucs 2013/05/11 v2.2 UCS: Unicode input support

("C:\Users\User\AppData\Local\Programs\MiKTeX 2.9\tex\latex\ucs\uni-global.def"
File: uni-global.def 2013/05/13 UCS: Unicode global data
)
\uc@secondtry=\count88
\uc@combtoks=\toks16
\uc@combtoksb=\toks17
\uc@temptokena=\toks18
) ("C:\Users\User\AppData\Local\Programs\MiKTeX 2.9\tex\latex\base\fontenc.sty"
Package: fontenc 2017/04/05 v2.0i Standard LaTeX package

("C:\Users\User\AppData\Local\Programs\MiKTeX 2.9\tex\latex\cyrillic\t2aenc.def
"
File: t2aenc.def 2005/09/27 v1.0i Cyrillic encoding definition file
)
LaTeX Font Info:    Try loading font information for T2A+cmr on input line 105.


("C:\Users\User\AppData\Local\Programs\MiKTeX 2.9\tex\latex\cyrillic\t2acmr.fd"
File: t2acmr.fd 2001/08/11 v1.0a Computer Modern Cyrillic font definitions
)<<t2a.cmap>>)
("C:\Users\User\AppData\Local\Programs\MiKTeX 2.9\tex\generic\babel\babel.sty"
Package: babel 2018/06/05 3.22 The Babel package

("C:\Users\User\AppData\Local\Programs\MiKTeX 2.9\tex\generic\babel\switch.def"
File: switch.def 2018/06/05 3.22 Babel switching mechanism
)
*************************************
* Local config file bblopts.cfg used
*
("C:\Users\User\AppData\Local\Programs\MiKTeX 2.9\tex\latex\arabi\bblopts.cfg"
File: bblopts.cfg 2005/09/08 v0.1 add Arabic and Farsi to "declared" options of
 babel
)
("C:\Users\User\AppData\Local\Programs\MiKTeX 2.9\tex\latex\babel-english\engli
sh.ldf"
Language: english 2017/06/06 v3.3r English support from the babel system

("C:\Users\User\AppData\Local\Programs\MiKTeX 2.9\tex\generic\babel\babel.def"
File: babel.def 2018/06/05 3.22 Babel common definitions
\babel@savecnt=\count89
\U@D=\dimen104

("C:\Users\User\AppData\Local\Programs\MiKTeX 2.9\tex\generic\babel\txtbabel.de
f")
\bbl@dirlevel=\count90
)
\l@canadian = a dialect from \language\l@american 
\l@australian = a dialect from \language\l@british 
\l@newzealand = a dialect from \language\l@british 
)
("C:\Users\User\AppData\Local\Programs\MiKTeX 2.9\tex\latex\babel-russian\russi
anb.ldf"
Language: russian 2017/08/12 1.3j Russian support for the Babel system
Package babel Info: Making " an active character on input line 120.
Package babel Info: Default for \cyrdash is provided on input line 157.
))
("C:\Users\User\AppData\Local\Programs\MiKTeX 2.9\tex\latex\tools\indentfirst.s
ty"
Package: indentfirst 1995/11/23 v1.03 Indent first paragraph (DPC)
)
("C:\Users\User\AppData\Local\Programs\MiKTeX 2.9\tex\latex\subfig\subfig.sty"
Package: subfig 2005/06/28 ver: 1.3 subfig package

("C:\Users\User\AppData\Local\Programs\MiKTeX 2.9\tex\latex\graphics\keyval.sty
"
Package: keyval 2014/10/28 v1.15 key=value parser (DPC)
\KV@toks@=\toks19
)
("C:\Users\User\AppData\Local\Programs\MiKTeX 2.9\tex\latex\caption\caption.sty
"
Package: caption 2018/05/01 v3.3-147 Customizing captions (AR)

("C:\Users\User\AppData\Local\Programs\MiKTeX 2.9\tex\latex\caption\caption3.st
y"
Package: caption3 2018/05/27 v1.8a caption3 kernel (AR)
Package caption3 Info: TeX engine: e-TeX on input line 64.
\captionmargin=\dimen105
\captionmargin@=\dimen106
\captionwidth=\dimen107
\caption@tempdima=\dimen108
\caption@indent=\dimen109
\caption@parindent=\dimen110
\caption@hangindent=\dimen111
)
\c@ContinuedFloat=\count91
)
\c@KVtest=\count92
\sf@farskip=\skip43
\sf@captopadj=\dimen112
\sf@capskip=\skip44
\sf@nearskip=\skip45
\c@subfigure=\count93
\c@subfigure@save=\count94
\c@lofdepth=\count95
\c@subtable=\count96
\c@subtable@save=\count97
\c@lotdepth=\count98
\sf@top=\skip46
\sf@bottom=\skip47
)
("C:\Users\User\AppData\Local\Programs\MiKTeX 2.9\tex\latex\amsfonts\amssymb.st
y"
Package: amssymb 2013/01/14 v3.01 AMS font symbols

("C:\Users\User\AppData\Local\Programs\MiKTeX 2.9\tex\latex\amsfonts\amsfonts.s
ty"
Package: amsfonts 2013/01/14 v3.01 Basic AMSFonts support
\@emptytoks=\toks20
\symAMSa=\mathgroup4
\symAMSb=\mathgroup5
LaTeX Font Info:    Overwriting math alphabet `\mathfrak' in version `bold'
(Font)                  U/euf/m/n --> U/euf/b/n on input line 106.
))
("C:\Users\User\AppData\Local\Programs\MiKTeX 2.9\tex\latex\amsmath\amsmath.sty
"
Package: amsmath 2017/09/02 v2.17a AMS math features
\@mathmargin=\skip48

For additional information on amsmath, use the `?' option.
("C:\Users\User\AppData\Local\Programs\MiKTeX 2.9\tex\latex\amsmath\amstext.sty
"
Package: amstext 2000/06/29 v2.01 AMS text
 ("C:\Users\User\AppData\Local\Programs\MiKTeX 2.9\tex\latex\amsmath\amsgen.sty
"
File: amsgen.sty 1999/11/30 v2.0 generic functions
\@emptytoks=\toks21
\ex@=\dimen113
))
("C:\Users\User\AppData\Local\Programs\MiKTeX 2.9\tex\latex\amsmath\amsbsy.sty"
Package: amsbsy 1999/11/29 v1.2d Bold Symbols
\pmbraise@=\dimen114
) ("C:\Users\User\AppData\Local\Programs\MiKTeX 2.9\tex\latex\amsmath\amsopn.st
y"
Package: amsopn 2016/03/08 v2.02 operator names
)
\inf@bad=\count99
LaTeX Info: Redefining \frac on input line 213.
\uproot@=\count100
\leftroot@=\count101
LaTeX Info: Redefining \overline on input line 375.
\classnum@=\count102
\DOTSCASE@=\count103
LaTeX Info: Redefining \ldots on input line 472.
LaTeX Info: Redefining \dots on input line 475.
LaTeX Info: Redefining \cdots on input line 596.
\Mathstrutbox@=\box26
\strutbox@=\box27
\big@size=\dimen115
LaTeX Font Info:    Redeclaring font encoding OML on input line 712.
LaTeX Font Info:    Redeclaring font encoding OMS on input line 713.
\macc@depth=\count104
\c@MaxMatrixCols=\count105
\dotsspace@=\muskip10
\c@parentequation=\count106
\dspbrk@lvl=\count107
\tag@help=\toks22
\row@=\count108
\column@=\count109
\maxfields@=\count110
\andhelp@=\toks23
\eqnshift@=\dimen116
\alignsep@=\dimen117
\tagshift@=\dimen118
\tagwidth@=\dimen119
\totwidth@=\dimen120
\lineht@=\dimen121
\@envbody=\toks24
\multlinegap=\skip49
\multlinetaggap=\skip50
\mathdisplay@stack=\toks25
LaTeX Info: Redefining \[ on input line 2817.
LaTeX Info: Redefining \] on input line 2818.
)
("C:\Users\User\AppData\Local\Programs\MiKTeX 2.9\tex\latex\units\nicefrac.sty"
Package: nicefrac 1998/08/04 v0.9b Nice fractions
\L@UnitsRaiseDisplaystyle=\skip51
\L@UnitsRaiseTextstyle=\skip52
\L@UnitsRaiseScriptstyle=\skip53
("C:\Users\User\AppData\Local\Programs\MiKTeX 2.9\tex\latex\base\ifthen.sty"
Package: ifthen 2014/09/29 v1.1c Standard LaTeX ifthen package (DPC)
))
("C:\Users\User\AppData\Local\Programs\MiKTeX 2.9\tex\latex\esdiff\esdiff.sty"
Package: esdiff 
) ("C:\Users\User\AppData\Local\Programs\MiKTeX 2.9\tex\latex\wrapfig\wrapfig.s
ty"
\wrapoverhang=\dimen122
\WF@size=\dimen123
\c@WF@wrappedlines=\count111
\WF@box=\box28
\WF@everypar=\toks26
Package: wrapfig 2003/01/31  v 3.6
)
("C:\Users\User\AppData\Local\Programs\MiKTeX 2.9\tex\latex\graphics\graphicx.s
ty"
Package: graphicx 2017/06/01 v1.1a Enhanced LaTeX Graphics (DPC,SPQR)

("C:\Users\User\AppData\Local\Programs\MiKTeX 2.9\tex\latex\graphics\graphics.s
ty"
Package: graphics 2017/06/25 v1.2c Standard LaTeX Graphics (DPC,SPQR)

("C:\Users\User\AppData\Local\Programs\MiKTeX 2.9\tex\latex\graphics\trig.sty"
Package: trig 2016/01/03 v1.10 sin cos tan (DPC)
)
("C:\Users\User\AppData\Local\Programs\MiKTeX 2.9\tex\latex\graphics-cfg\graphi
cs.cfg"
File: graphics.cfg 2016/06/04 v1.11 sample graphics configuration
)
Package graphics Info: Driver file: pdftex.def on input line 99.

("C:\Users\User\AppData\Local\Programs\MiKTeX 2.9\tex\latex\graphics-def\pdftex
.def"
File: pdftex.def 2018/01/08 v1.0l Graphics/color driver for pdftex
))
\Gin@req@height=\dimen124
\Gin@req@width=\dimen125
)
("C:\Users\User\AppData\Local\Programs\MiKTeX 2.9\tex\latex\pgf\frontendlayer\t
ikz.sty"
("C:\Users\User\AppData\Local\Programs\MiKTeX 2.9\tex\latex\pgf\basiclayer\pgf.
sty"
("C:\Users\User\AppData\Local\Programs\MiKTeX 2.9\tex\latex\pgf\utilities\pgfrc
s.sty"
("C:\Users\User\AppData\Local\Programs\MiKTeX 2.9\tex\generic\pgf\utilities\pgf
util-common.tex"
\pgfutil@everybye=\toks27
\pgfutil@tempdima=\dimen126
\pgfutil@tempdimb=\dimen127

("C:\Users\User\AppData\Local\Programs\MiKTeX 2.9\tex\generic\pgf\utilities\pgf
util-common-lists.tex"))
("C:\Users\User\AppData\Local\Programs\MiKTeX 2.9\tex\generic\pgf\utilities\pgf
util-latex.def"
\pgfutil@abb=\box29

("C:\Users\User\AppData\Local\Programs\MiKTeX 2.9\tex\latex\ms\everyshi.sty"
Package: everyshi 2001/05/15 v3.00 EveryShipout Package (MS)
))
("C:\Users\User\AppData\Local\Programs\MiKTeX 2.9\tex\generic\pgf\utilities\pgf
rcs.code.tex"
Package: pgfrcs 2015/08/07 v3.0.1a (rcs-revision 1.31)
))
Package: pgf 2015/08/07 v3.0.1a (rcs-revision 1.15)

("C:\Users\User\AppData\Local\Programs\MiKTeX 2.9\tex\latex\pgf\basiclayer\pgfc
ore.sty"
("C:\Users\User\AppData\Local\Programs\MiKTeX 2.9\tex\latex\pgf\systemlayer\pgf
sys.sty"
("C:\Users\User\AppData\Local\Programs\MiKTeX 2.9\tex\generic\pgf\systemlayer\p
gfsys.code.tex"
Package: pgfsys 2014/07/09 v3.0.1a (rcs-revision 1.48)

("C:\Users\User\AppData\Local\Programs\MiKTeX 2.9\tex\generic\pgf\utilities\pgf
keys.code.tex"
\pgfkeys@pathtoks=\toks28
\pgfkeys@temptoks=\toks29

("C:\Users\User\AppData\Local\Programs\MiKTeX 2.9\tex\generic\pgf\utilities\pgf
keysfiltered.code.tex"
\pgfkeys@tmptoks=\toks30
))
\pgf@x=\dimen128
\pgf@y=\dimen129
\pgf@xa=\dimen130
\pgf@ya=\dimen131
\pgf@xb=\dimen132
\pgf@yb=\dimen133
\pgf@xc=\dimen134
\pgf@yc=\dimen135
\w@pgf@writea=\write3
\r@pgf@reada=\read1
\c@pgf@counta=\count112
\c@pgf@countb=\count113
\c@pgf@countc=\count114
\c@pgf@countd=\count115
\t@pgf@toka=\toks31
\t@pgf@tokb=\toks32
\t@pgf@tokc=\toks33

("C:\Users\User\AppData\Local\Programs\MiKTeX 2.9\tex\generic\pgf\systemlayer\p
gf.cfg"
File: pgf.cfg 2008/05/14  (rcs-revision 1.7)
)
Driver file for pgf: pgfsys-pdftex.def

("C:\Users\User\AppData\Local\Programs\MiKTeX 2.9\tex\generic\pgf\systemlayer\p
gfsys-pdftex.def"
File: pgfsys-pdftex.def 2014/10/11  (rcs-revision 1.35)

("C:\Users\User\AppData\Local\Programs\MiKTeX 2.9\tex\generic\pgf\systemlayer\p
gfsys-common-pdf.def"
File: pgfsys-common-pdf.def 2013/10/10  (rcs-revision 1.13)
)))
("C:\Users\User\AppData\Local\Programs\MiKTeX 2.9\tex\generic\pgf\systemlayer\p
gfsyssoftpath.code.tex"
File: pgfsyssoftpath.code.tex 2013/09/09  (rcs-revision 1.9)
\pgfsyssoftpath@smallbuffer@items=\count116
\pgfsyssoftpath@bigbuffer@items=\count117
)
("C:\Users\User\AppData\Local\Programs\MiKTeX 2.9\tex\generic\pgf\systemlayer\p
gfsysprotocol.code.tex"
File: pgfsysprotocol.code.tex 2006/10/16  (rcs-revision 1.4)
))
("C:\Users\User\AppData\Local\Programs\MiKTeX 2.9\tex\latex\xcolor\xcolor.sty"
Package: xcolor 2016/05/11 v2.12 LaTeX color extensions (UK)

("C:\Users\User\AppData\Local\Programs\MiKTeX 2.9\tex\latex\graphics-cfg\color.
cfg"
File: color.cfg 2016/01/02 v1.6 sample color configuration
)
Package xcolor Info: Driver file: pdftex.def on input line 225.
Package xcolor Info: Model `cmy' substituted by `cmy0' on input line 1348.
Package xcolor Info: Model `hsb' substituted by `rgb' on input line 1352.
Package xcolor Info: Model `RGB' extended on input line 1364.
Package xcolor Info: Model `HTML' substituted by `rgb' on input line 1366.
Package xcolor Info: Model `Hsb' substituted by `hsb' on input line 1367.
Package xcolor Info: Model `tHsb' substituted by `hsb' on input line 1368.
Package xcolor Info: Model `HSB' substituted by `hsb' on input line 1369.
Package xcolor Info: Model `Gray' substituted by `gray' on input line 1370.
Package xcolor Info: Model `wave' substituted by `hsb' on input line 1371.
)
("C:\Users\User\AppData\Local\Programs\MiKTeX 2.9\tex\generic\pgf\basiclayer\pg
fcore.code.tex"
Package: pgfcore 2010/04/11 v3.0.1a (rcs-revision 1.7)

("C:\Users\User\AppData\Local\Programs\MiKTeX 2.9\tex\generic\pgf\math\pgfmath.
code.tex"
("C:\Users\User\AppData\Local\Programs\MiKTeX 2.9\tex\generic\pgf\math\pgfmathc
alc.code.tex"
("C:\Users\User\AppData\Local\Programs\MiKTeX 2.9\tex\generic\pgf\math\pgfmathu
til.code.tex")
("C:\Users\User\AppData\Local\Programs\MiKTeX 2.9\tex\generic\pgf\math\pgfmathp
arser.code.tex"
\pgfmath@dimen=\dimen136
\pgfmath@count=\count118
\pgfmath@box=\box30
\pgfmath@toks=\toks34
\pgfmath@stack@operand=\toks35
\pgfmath@stack@operation=\toks36
)
("C:\Users\User\AppData\Local\Programs\MiKTeX 2.9\tex\generic\pgf\math\pgfmathf
unctions.code.tex"
("C:\Users\User\AppData\Local\Programs\MiKTeX 2.9\tex\generic\pgf\math\pgfmathf
unctions.basic.code.tex")
("C:\Users\User\AppData\Local\Programs\MiKTeX 2.9\tex\generic\pgf\math\pgfmathf
unctions.trigonometric.code.tex")
("C:\Users\User\AppData\Local\Programs\MiKTeX 2.9\tex\generic\pgf\math\pgfmathf
unctions.random.code.tex")
("C:\Users\User\AppData\Local\Programs\MiKTeX 2.9\tex\generic\pgf\math\pgfmathf
unctions.comparison.code.tex")
("C:\Users\User\AppData\Local\Programs\MiKTeX 2.9\tex\generic\pgf\math\pgfmathf
unctions.base.code.tex")
("C:\Users\User\AppData\Local\Programs\MiKTeX 2.9\tex\generic\pgf\math\pgfmathf
unctions.round.code.tex")
("C:\Users\User\AppData\Local\Programs\MiKTeX 2.9\tex\generic\pgf\math\pgfmathf
unctions.misc.code.tex")
("C:\Users\User\AppData\Local\Programs\MiKTeX 2.9\tex\generic\pgf\math\pgfmathf
unctions.integerarithmetics.code.tex")))
("C:\Users\User\AppData\Local\Programs\MiKTeX 2.9\tex\generic\pgf\math\pgfmathf
loat.code.tex"
\c@pgfmathroundto@lastzeros=\count119
))
("C:\Users\User\AppData\Local\Programs\MiKTeX 2.9\tex\generic\pgf\basiclayer\pg
fcorepoints.code.tex"
File: pgfcorepoints.code.tex 2013/10/07  (rcs-revision 1.27)
\pgf@picminx=\dimen137
\pgf@picmaxx=\dimen138
\pgf@picminy=\dimen139
\pgf@picmaxy=\dimen140
\pgf@pathminx=\dimen141
\pgf@pathmaxx=\dimen142
\pgf@pathminy=\dimen143
\pgf@pathmaxy=\dimen144
\pgf@xx=\dimen145
\pgf@xy=\dimen146
\pgf@yx=\dimen147
\pgf@yy=\dimen148
\pgf@zx=\dimen149
\pgf@zy=\dimen150
)
("C:\Users\User\AppData\Local\Programs\MiKTeX 2.9\tex\generic\pgf\basiclayer\pg
fcorepathconstruct.code.tex"
File: pgfcorepathconstruct.code.tex 2013/10/07  (rcs-revision 1.29)
\pgf@path@lastx=\dimen151
\pgf@path@lasty=\dimen152
)
("C:\Users\User\AppData\Local\Programs\MiKTeX 2.9\tex\generic\pgf\basiclayer\pg
fcorepathusage.code.tex"
File: pgfcorepathusage.code.tex 2014/11/02  (rcs-revision 1.24)
\pgf@shorten@end@additional=\dimen153
\pgf@shorten@start@additional=\dimen154
)
("C:\Users\User\AppData\Local\Programs\MiKTeX 2.9\tex\generic\pgf\basiclayer\pg
fcorescopes.code.tex"
File: pgfcorescopes.code.tex 2015/05/08  (rcs-revision 1.46)
\pgfpic=\box31
\pgf@hbox=\box32
\pgf@layerbox@main=\box33
\pgf@picture@serial@count=\count120
)
("C:\Users\User\AppData\Local\Programs\MiKTeX 2.9\tex\generic\pgf\basiclayer\pg
fcoregraphicstate.code.tex"
File: pgfcoregraphicstate.code.tex 2014/11/02  (rcs-revision 1.12)
\pgflinewidth=\dimen155
)
("C:\Users\User\AppData\Local\Programs\MiKTeX 2.9\tex\generic\pgf\basiclayer\pg
fcoretransformations.code.tex"
File: pgfcoretransformations.code.tex 2015/08/07  (rcs-revision 1.20)
\pgf@pt@x=\dimen156
\pgf@pt@y=\dimen157
\pgf@pt@temp=\dimen158
)
("C:\Users\User\AppData\Local\Programs\MiKTeX 2.9\tex\generic\pgf\basiclayer\pg
fcorequick.code.tex"
File: pgfcorequick.code.tex 2008/10/09  (rcs-revision 1.3)
)
("C:\Users\User\AppData\Local\Programs\MiKTeX 2.9\tex\generic\pgf\basiclayer\pg
fcoreobjects.code.tex"
File: pgfcoreobjects.code.tex 2006/10/11  (rcs-revision 1.2)
)
("C:\Users\User\AppData\Local\Programs\MiKTeX 2.9\tex\generic\pgf\basiclayer\pg
fcorepathprocessing.code.tex"
File: pgfcorepathprocessing.code.tex 2013/09/09  (rcs-revision 1.9)
)
("C:\Users\User\AppData\Local\Programs\MiKTeX 2.9\tex\generic\pgf\basiclayer\pg
fcorearrows.code.tex"
File: pgfcorearrows.code.tex 2015/05/14  (rcs-revision 1.43)
\pgfarrowsep=\dimen159
)
("C:\Users\User\AppData\Local\Programs\MiKTeX 2.9\tex\generic\pgf\basiclayer\pg
fcoreshade.code.tex"
File: pgfcoreshade.code.tex 2013/07/15  (rcs-revision 1.15)
\pgf@max=\dimen160
\pgf@sys@shading@range@num=\count121
)
("C:\Users\User\AppData\Local\Programs\MiKTeX 2.9\tex\generic\pgf\basiclayer\pg
fcoreimage.code.tex"
File: pgfcoreimage.code.tex 2013/07/15  (rcs-revision 1.18)

("C:\Users\User\AppData\Local\Programs\MiKTeX 2.9\tex\generic\pgf\basiclayer\pg
fcoreexternal.code.tex"
File: pgfcoreexternal.code.tex 2014/07/09  (rcs-revision 1.21)
\pgfexternal@startupbox=\box34
))
("C:\Users\User\AppData\Local\Programs\MiKTeX 2.9\tex\generic\pgf\basiclayer\pg
fcorelayers.code.tex"
File: pgfcorelayers.code.tex 2013/07/18  (rcs-revision 1.7)
)
("C:\Users\User\AppData\Local\Programs\MiKTeX 2.9\tex\generic\pgf\basiclayer\pg
fcoretransparency.code.tex"
File: pgfcoretransparency.code.tex 2013/09/30  (rcs-revision 1.5)
)
("C:\Users\User\AppData\Local\Programs\MiKTeX 2.9\tex\generic\pgf\basiclayer\pg
fcorepatterns.code.tex"
File: pgfcorepatterns.code.tex 2013/11/07  (rcs-revision 1.5)
)))
("C:\Users\User\AppData\Local\Programs\MiKTeX 2.9\tex\generic\pgf\modules\pgfmo
duleshapes.code.tex"
File: pgfmoduleshapes.code.tex 2014/03/21  (rcs-revision 1.35)
\pgfnodeparttextbox=\box35
)
("C:\Users\User\AppData\Local\Programs\MiKTeX 2.9\tex\generic\pgf\modules\pgfmo
duleplot.code.tex"
File: pgfmoduleplot.code.tex 2015/08/03  (rcs-revision 1.13)
)
("C:\Users\User\AppData\Local\Programs\MiKTeX 2.9\tex\latex\pgf\compatibility\p
gfcomp-version-0-65.sty"
Package: pgfcomp-version-0-65 2007/07/03 v3.0.1a (rcs-revision 1.7)
\pgf@nodesepstart=\dimen161
\pgf@nodesepend=\dimen162
)
("C:\Users\User\AppData\Local\Programs\MiKTeX 2.9\tex\latex\pgf\compatibility\p
gfcomp-version-1-18.sty"
Package: pgfcomp-version-1-18 2007/07/23 v3.0.1a (rcs-revision 1.1)
))
("C:\Users\User\AppData\Local\Programs\MiKTeX 2.9\tex\latex\pgf\utilities\pgffo
r.sty"
("C:\Users\User\AppData\Local\Programs\MiKTeX 2.9\tex\latex\pgf\utilities\pgfke
ys.sty"
("C:\Users\User\AppData\Local\Programs\MiKTeX 2.9\tex\generic\pgf\utilities\pgf
keys.code.tex"))
("C:\Users\User\AppData\Local\Programs\MiKTeX 2.9\tex\latex\pgf\math\pgfmath.st
y"
("C:\Users\User\AppData\Local\Programs\MiKTeX 2.9\tex\generic\pgf\math\pgfmath.
code.tex"))
("C:\Users\User\AppData\Local\Programs\MiKTeX 2.9\tex\generic\pgf\utilities\pgf
for.code.tex"
Package: pgffor 2013/12/13 v3.0.1a (rcs-revision 1.25)

("C:\Users\User\AppData\Local\Programs\MiKTeX 2.9\tex\generic\pgf\math\pgfmath.
code.tex")
\pgffor@iter=\dimen163
\pgffor@skip=\dimen164
\pgffor@stack=\toks37
\pgffor@toks=\toks38
))
("C:\Users\User\AppData\Local\Programs\MiKTeX 2.9\tex\generic\pgf\frontendlayer
\tikz\tikz.code.tex"
Package: tikz 2015/08/07 v3.0.1a (rcs-revision 1.151)

("C:\Users\User\AppData\Local\Programs\MiKTeX 2.9\tex\generic\pgf\libraries\pgf
libraryplothandlers.code.tex"
File: pgflibraryplothandlers.code.tex 2013/08/31 v3.0.1a (rcs-revision 1.20)
\pgf@plot@mark@count=\count122
\pgfplotmarksize=\dimen165
)
\tikz@lastx=\dimen166
\tikz@lasty=\dimen167
\tikz@lastxsaved=\dimen168
\tikz@lastysaved=\dimen169
\tikzleveldistance=\dimen170
\tikzsiblingdistance=\dimen171
\tikz@figbox=\box36
\tikz@figbox@bg=\box37
\tikz@tempbox=\box38
\tikz@tempbox@bg=\box39
\tikztreelevel=\count123
\tikznumberofchildren=\count124
\tikznumberofcurrentchild=\count125
\tikz@fig@count=\count126

("C:\Users\User\AppData\Local\Programs\MiKTeX 2.9\tex\generic\pgf\modules\pgfmo
dulematrix.code.tex"
File: pgfmodulematrix.code.tex 2013/09/17  (rcs-revision 1.8)
\pgfmatrixcurrentrow=\count127
\pgfmatrixcurrentcolumn=\count128
\pgf@matrix@numberofcolumns=\count129
)
\tikz@expandcount=\count130

("C:\Users\User\AppData\Local\Programs\MiKTeX 2.9\tex\generic\pgf\frontendlayer
\tikz\libraries\tikzlibrarytopaths.code.tex"
File: tikzlibrarytopaths.code.tex 2008/06/17 v3.0.1a (rcs-revision 1.2)
)))
("C:\Users\User\AppData\Local\Programs\MiKTeX 2.9\tex\latex\pgfplots\pgfplotsta
ble.sty"
("C:\Users\User\AppData\Local\Programs\MiKTeX 2.9\tex\generic\pgfplots\pgfplots
.revision.tex")
Package: pgfplotstable 2018/03/28 v1.16 Table typesetting and Pretty-printing (
1.16)

("C:\Users\User\AppData\Local\Programs\MiKTeX 2.9\tex\latex\pgfplots\pgfplots.s
ty"
("C:\Users\User\AppData\Local\Programs\MiKTeX 2.9\tex\generic\pgfplots\pgfplots
.revision.tex")
Package: pgfplots 2018/03/28 v1.16 Data Visualization (1.16)

("C:\Users\User\AppData\Local\Programs\MiKTeX 2.9\tex\generic\pgfplots\pgfplots
.code.tex"
("C:\Users\User\AppData\Local\Programs\MiKTeX 2.9\tex\generic\pgfplots\pgfplots
core.code.tex"
\t@pgfplots@toka=\toks39
\t@pgfplots@tokb=\toks40
\t@pgfplots@tokc=\toks41
\pgfplots@tmpa=\dimen172
\c@pgfplots@coordindex=\count131
\c@pgfplots@scanlineindex=\count132

("C:\Users\User\AppData\Local\Programs\MiKTeX 2.9\tex\generic\pgfplots\sys\pgfp
lotssysgeneric.code.tex"))
("C:\Users\User\AppData\Local\Programs\MiKTeX 2.9\tex\generic\pgfplots\libs\pgf
plotslibrary.code.tex")
("C:\Users\User\AppData\Local\Programs\MiKTeX 2.9\tex\generic\pgfplots\oldpgfco
mpatib\pgfplotsoldpgfsupp_loader.code.tex"
("C:\Users\User\AppData\Local\Programs\MiKTeX 2.9\tex\generic\pgf\libraries\pgf
libraryfpu.code.tex")
Package pgfplots: loading complementary arithmetics for your pgf version...

("C:\Users\User\AppData\Local\Programs\MiKTeX 2.9\tex\generic\pgfplots\oldpgfco
mpatib\pgfplotsoldpgfsupp_pgflibraryfpu.code.tex")
("C:\Users\User\AppData\Local\Programs\MiKTeX 2.9\tex\generic\pgfplots\oldpgfco
mpatib\pgfplotsoldpgfsupp_pgfmathfloat.code.tex"
\c@pgfmathroundto@lastzeros=\count133
)
("C:\Users\User\AppData\Local\Programs\MiKTeX 2.9\tex\generic\pgfplots\oldpgfco
mpatib\pgfplotsoldpgfsupp_leq.code.tex"))
("C:\Users\User\AppData\Local\Programs\MiKTeX 2.9\tex\generic\pgfplots\util\pgf
plotsutil.code.tex"
("C:\Users\User\AppData\Local\Programs\MiKTeX 2.9\tex\generic\pgfplots\liststru
cture\pgfplotsliststructure.code.tex")
("C:\Users\User\AppData\Local\Programs\MiKTeX 2.9\tex\generic\pgfplots\liststru
cture\pgfplotsliststructureext.code.tex")
("C:\Users\User\AppData\Local\Programs\MiKTeX 2.9\tex\generic\pgfplots\liststru
cture\pgfplotsarray.code.tex"
\c@pgfplotsarray@tmp=\count134
)
("C:\Users\User\AppData\Local\Programs\MiKTeX 2.9\tex\generic\pgfplots\liststru
cture\pgfplotsmatrix.code.tex")
("C:\Users\User\AppData\Local\Programs\MiKTeX 2.9\tex\generic\pgfplots\numtable
\pgfplotstableshared.code.tex"
\c@pgfplotstable@counta=\count135
\t@pgfplotstable@a=\toks42
)
("C:\Users\User\AppData\Local\Programs\MiKTeX 2.9\tex\generic\pgfplots\liststru
cture\pgfplotsdeque.code.tex")
("C:\Users\User\AppData\Local\Programs\MiKTeX 2.9\tex\generic\pgfplots\util\pgf
plotsbinary.code.tex"
("C:\Users\User\AppData\Local\Programs\MiKTeX 2.9\tex\generic\pgfplots\util\pgf
plotsbinary.data.code.tex"))
("C:\Users\User\AppData\Local\Programs\MiKTeX 2.9\tex\generic\pgfplots\util\pgf
plotsutil.verb.code.tex")
("C:\Users\User\AppData\Local\Programs\MiKTeX 2.9\tex\generic\pgfplots\libs\pgf
librarypgfplots.surfshading.code.tex"
\c@pgfplotslibrarysurf@no=\count136

("C:\Users\User\AppData\Local\Programs\MiKTeX 2.9\tex\generic\pgfplots\sys\pgfl
ibrarypgfplots.surfshading.pgfsys-pdftex.def")))
("C:\Users\User\AppData\Local\Programs\MiKTeX 2.9\tex\generic\pgfplots\util\pgf
plotscolormap.code.tex"
("C:\Users\User\AppData\Local\Programs\MiKTeX 2.9\tex\generic\pgfplots\util\pgf
plotscolor.code.tex"))
("C:\Users\User\AppData\Local\Programs\MiKTeX 2.9\tex\generic\pgfplots\pgfplots
stackedplots.code.tex")
("C:\Users\User\AppData\Local\Programs\MiKTeX 2.9\tex\generic\pgfplots\pgfplots
plothandlers.code.tex"
("C:\Users\User\AppData\Local\Programs\MiKTeX 2.9\tex\generic\pgfplots\pgfplots
meshplothandler.code.tex"
("C:\Users\User\AppData\Local\Programs\MiKTeX 2.9\tex\generic\pgfplots\pgfplots
meshplotimage.code.tex")))
("C:\Users\User\AppData\Local\Programs\MiKTeX 2.9\tex\generic\pgfplots\pgfplots
.scaling.code.tex")
("C:\Users\User\AppData\Local\Programs\MiKTeX 2.9\tex\generic\pgfplots\pgfplots
coordprocessing.code.tex")
("C:\Users\User\AppData\Local\Programs\MiKTeX 2.9\tex\generic\pgfplots\pgfplots
.errorbars.code.tex")
("C:\Users\User\AppData\Local\Programs\MiKTeX 2.9\tex\generic\pgfplots\pgfplots
.markers.code.tex")
("C:\Users\User\AppData\Local\Programs\MiKTeX 2.9\tex\generic\pgfplots\pgfplots
ticks.code.tex")
("C:\Users\User\AppData\Local\Programs\MiKTeX 2.9\tex\generic\pgfplots\pgfplots
.paths.code.tex")
("C:\Users\User\AppData\Local\Programs\MiKTeX 2.9\tex\generic\pgf\frontendlayer
\tikz\libraries\tikzlibrarydecorations.code.tex"
("C:\Users\User\AppData\Local\Programs\MiKTeX 2.9\tex\generic\pgf\modules\pgfmo
duledecorations.code.tex"
\pgfdecoratedcompleteddistance=\dimen173
\pgfdecoratedremainingdistance=\dimen174
\pgfdecoratedinputsegmentcompleteddistance=\dimen175
\pgfdecoratedinputsegmentremainingdistance=\dimen176
\pgf@decorate@distancetomove=\dimen177
\pgf@decorate@repeatstate=\count137
\pgfdecorationsegmentamplitude=\dimen178
\pgfdecorationsegmentlength=\dimen179
)
\tikz@lib@dec@box=\box40
)
("C:\Users\User\AppData\Local\Programs\MiKTeX 2.9\tex\generic\pgf\frontendlayer
\tikz\libraries\tikzlibrarydecorations.pathmorphing.code.tex"
("C:\Users\User\AppData\Local\Programs\MiKTeX 2.9\tex\generic\pgf\libraries\dec
orations\pgflibrarydecorations.pathmorphing.code.tex"))
("C:\Users\User\AppData\Local\Programs\MiKTeX 2.9\tex\generic\pgf\frontendlayer
\tikz\libraries\tikzlibrarydecorations.pathreplacing.code.tex"
("C:\Users\User\AppData\Local\Programs\MiKTeX 2.9\tex\generic\pgf\libraries\dec
orations\pgflibrarydecorations.pathreplacing.code.tex"))
\pgfplots@numplots=\count138
\pgfplots@xmin@reg=\dimen180
\pgfplots@xmax@reg=\dimen181
\pgfplots@ymin@reg=\dimen182
\pgfplots@ymax@reg=\dimen183
\pgfplots@zmin@reg=\dimen184
\pgfplots@zmax@reg=\dimen185
)
("C:\Users\User\AppData\Local\Programs\MiKTeX 2.9\tex\generic\pgf\frontendlayer
\tikz\libraries\tikzlibraryplotmarks.code.tex"
File: tikzlibraryplotmarks.code.tex 2008/01/09 v3.0.1a (rcs-revision 1.1)

("C:\Users\User\AppData\Local\Programs\MiKTeX 2.9\tex\generic\pgf\libraries\pgf
libraryplotmarks.code.tex"
File: pgflibraryplotmarks.code.tex 2015/08/03 v3.0.1a (rcs-revision 1.14)
)))
("C:\Users\User\AppData\Local\Programs\MiKTeX 2.9\tex\generic\pgfplots\numtable
\pgfplotstable.code.tex"
("C:\Users\User\AppData\Local\Programs\MiKTeX 2.9\tex\generic\pgfplots\numtable
\pgfplotstable.coltype.code.tex"))
("C:\Users\User\AppData\Local\Programs\MiKTeX 2.9\tex\latex\tools\array.sty"
Package: array 2018/04/30 v2.4h Tabular extension package (FMi)
\col@sep=\dimen186
\ar@mcellbox=\box41
\extrarowheight=\dimen187
\NC@list=\toks43
\extratabsurround=\skip54
\backup@length=\skip55
\ar@cellbox=\box42
))
("C:\Users\User\AppData\Local\Programs\MiKTeX 2.9\tex\latex\booktabs\booktabs.s
ty"
Package: booktabs 2005/04/14 v1.61803 publication quality tables
\heavyrulewidth=\dimen188
\lightrulewidth=\dimen189
\cmidrulewidth=\dimen190
\belowrulesep=\dimen191
\belowbottomsep=\dimen192
\aboverulesep=\dimen193
\abovetopsep=\dimen194
\cmidrulesep=\dimen195
\cmidrulekern=\dimen196
\defaultaddspace=\dimen197
\@cmidla=\count139
\@cmidlb=\count140
\@aboverulesep=\dimen198
\@belowrulesep=\dimen199
\@thisruleclass=\count141
\@lastruleclass=\count142
\@thisrulewidth=\dimen256
)
("C:\Users\User\AppData\Local\Programs\MiKTeX 2.9\tex\latex\colortbl\colortbl.s
ty"
Package: colortbl 2018/05/02 v1.0c Color table columns (DPC)
\everycr=\toks44
\minrowclearance=\skip56
)
("C:\Users\User\AppData\Local\Programs\MiKTeX 2.9\tex\latex\pdfpages\pdfpages.s
ty"
Package: pdfpages 2017/10/31 v0.5l Insert pages of external PDF documents (AM)
 ("C:\Users\User\AppData\Local\Programs\MiKTeX 2.9\tex\latex\tools\calc.sty"
Package: calc 2017/05/25 v4.3 Infix arithmetic (KKT,FJ)
\calc@Acount=\count143
\calc@Bcount=\count144
\calc@Adimen=\dimen257
\calc@Bdimen=\dimen258
\calc@Askip=\skip57
\calc@Bskip=\skip58
LaTeX Info: Redefining \setlength on input line 80.
LaTeX Info: Redefining \addtolength on input line 81.
\calc@Ccount=\count145
\calc@Cskip=\skip59
)
("C:\Users\User\AppData\Local\Programs\MiKTeX 2.9\tex\latex\eso-pic\eso-pic.sty
"
Package: eso-pic 2018/04/12 v2.0h eso-pic (RN)

("C:\Users\User\AppData\Local\Programs\MiKTeX 2.9\tex\generic\oberdiek\atbegshi
.sty"
Package: atbegshi 2016/06/09 v1.18 At begin shipout hook (HO)

("C:\Users\User\AppData\Local\Programs\MiKTeX 2.9\tex\generic\oberdiek\infwarer
r.sty"
Package: infwarerr 2016/05/16 v1.4 Providing info/warning/error messages (HO)
)
("C:\Users\User\AppData\Local\Programs\MiKTeX 2.9\tex\generic\oberdiek\ltxcmds.
sty"
Package: ltxcmds 2016/05/16 v1.23 LaTeX kernel commands for general use (HO)
)
("C:\Users\User\AppData\Local\Programs\MiKTeX 2.9\tex\generic\oberdiek\ifpdf.st
y"
Package: ifpdf 2017/03/15 v3.2 Provides the ifpdf switch
)))
\AM@pagewidth=\dimen259
\AM@pageheight=\dimen260

("C:\Users\User\AppData\Local\Programs\MiKTeX 2.9\tex\latex\pdfpages\pppdftex.d
ef"
File: pppdftex.def 2017/10/31 v0.5l Pdfpages driver for pdfTeX (AM)
)
\AM@pagebox=\box43
\AM@global@opts=\toks45
\AM@toc@title=\toks46
\c@AM@survey=\count146
\AM@templatesizebox=\box44
)
("C:\Users\User\AppData\Local\Programs\MiKTeX 2.9\tex\latex\geometry\geometry.s
ty"
Package: geometry 2018/04/16 v5.8 Page Geometry

("C:\Users\User\AppData\Local\Programs\MiKTeX 2.9\tex\generic\oberdiek\ifvtex.s
ty"
Package: ifvtex 2016/05/16 v1.6 Detect VTeX and its facilities (HO)
Package ifvtex Info: VTeX not detected.
)
("C:\Users\User\AppData\Local\Programs\MiKTeX 2.9\tex\generic\ifxetex\ifxetex.s
ty"
Package: ifxetex 2010/09/12 v0.6 Provides ifxetex conditional
)
\Gm@cnth=\count147
\Gm@cntv=\count148
\c@Gm@tempcnt=\count149
\Gm@bindingoffset=\dimen261
\Gm@wd@mp=\dimen262
\Gm@odd@mp=\dimen263
\Gm@even@mp=\dimen264
\Gm@layoutwidth=\dimen265
\Gm@layoutheight=\dimen266
\Gm@layouthoffset=\dimen267
\Gm@layoutvoffset=\dimen268
\Gm@dimlist=\toks47

("C:\Users\User\AppData\Local\Programs\MiKTeX 2.9\tex\latex\geometry\geometry.c
fg"))
("C:\Users\User\AppData\Local\Programs\MiKTeX 2.9\tex\latex\fancyhdr\fancyhdr.s
ty"
Package: fancyhdr 2017/06/30 v3.9a Extensive control of page headers and footer
s
\f@nch@headwidth=\skip60
\f@nch@O@elh=\skip61
\f@nch@O@erh=\skip62
\f@nch@O@olh=\skip63
\f@nch@O@orh=\skip64
\f@nch@O@elf=\skip65
\f@nch@O@erf=\skip66
\f@nch@O@olf=\skip67
\f@nch@O@orf=\skip68
)
("C:\Users\User\AppData\Local\Programs\MiKTeX 2.9\tex\latex\setspace\setspace.s
ty"
Package: setspace 2011/12/19 v6.7a set line spacing
)
("C:\Users\User\AppData\Local\Programs\MiKTeX 2.9\tex\latex\secdot\secdot.sty"
Package: secdot 2000/06/20 v1.0 section numbers with dots
)) ("C:\Users\User\AppData\Local\Programs\MiKTeX 2.9\tex\latex\float\float.sty"
Package: float 2001/11/08 v1.3d Float enhancements (AL)
\c@float@type=\count150
\float@exts=\toks48
\float@box=\box45
\@float@everytoks=\toks49
\@floatcapt=\box46
)
("C:\Users\User\AppData\Local\Programs\MiKTeX 2.9\tex\latex\hyperref\hyperref.s
ty"
Package: hyperref 2018/02/06 v6.86b Hypertext links for LaTeX

("C:\Users\User\AppData\Local\Programs\MiKTeX 2.9\tex\generic\oberdiek\hobsub-h
yperref.sty"
Package: hobsub-hyperref 2016/05/16 v1.14 Bundle oberdiek, subset hyperref (HO)


("C:\Users\User\AppData\Local\Programs\MiKTeX 2.9\tex\generic\oberdiek\hobsub-g
eneric.sty"
Package: hobsub-generic 2016/05/16 v1.14 Bundle oberdiek, subset generic (HO)
Package: hobsub 2016/05/16 v1.14 Construct package bundles (HO)
Package hobsub Info: Skipping package `infwarerr' (already loaded).
Package hobsub Info: Skipping package `ltxcmds' (already loaded).
Package: ifluatex 2016/05/16 v1.4 Provides the ifluatex switch (HO)
Package ifluatex Info: LuaTeX not detected.
Package hobsub Info: Skipping package `ifvtex' (already loaded).
Package: intcalc 2016/05/16 v1.2 Expandable calculations with integers (HO)
Package hobsub Info: Skipping package `ifpdf' (already loaded).
Package: etexcmds 2016/05/16 v1.6 Avoid name clashes with e-TeX commands (HO)
Package etexcmds Info: Could not find \expanded.
(etexcmds)             That can mean that you are not using pdfTeX 1.50 or
(etexcmds)             that some package has redefined \expanded.
(etexcmds)             In the latter case, load this package earlier.
Package: kvsetkeys 2016/05/16 v1.17 Key value parser (HO)
Package: kvdefinekeys 2016/05/16 v1.4 Define keys (HO)
Package: pdftexcmds 2018/01/30 v0.27 Utility functions of pdfTeX for LuaTeX (HO
)
Package pdftexcmds Info: LuaTeX not detected.
Package pdftexcmds Info: \pdf@primitive is available.
Package pdftexcmds Info: \pdf@ifprimitive is available.
Package pdftexcmds Info: \pdfdraftmode found.
Package: pdfescape 2016/05/16 v1.14 Implements pdfTeX's escape features (HO)
Package: bigintcalc 2016/05/16 v1.4 Expandable calculations on big integers (HO
)
Package: bitset 2016/05/16 v1.2 Handle bit-vector datatype (HO)
Package: uniquecounter 2016/05/16 v1.3 Provide unlimited unique counter (HO)
)
Package hobsub Info: Skipping package `hobsub' (already loaded).
Package: letltxmacro 2016/05/16 v1.5 Let assignment for LaTeX macros (HO)
Package: hopatch 2016/05/16 v1.3 Wrapper for package hooks (HO)
Package: xcolor-patch 2016/05/16 xcolor patch
Package: atveryend 2016/05/16 v1.9 Hooks at the very end of document (HO)
Package atveryend Info: \enddocument detected (standard20110627).
Package hobsub Info: Skipping package `atbegshi' (already loaded).
Package: refcount 2016/05/16 v3.5 Data extraction from label references (HO)
Package: hycolor 2016/05/16 v1.8 Color options for hyperref/bookmark (HO)
)
("C:\Users\User\AppData\Local\Programs\MiKTeX 2.9\tex\latex\oberdiek\auxhook.st
y"
Package: auxhook 2016/05/16 v1.4 Hooks for auxiliary files (HO)
)
("C:\Users\User\AppData\Local\Programs\MiKTeX 2.9\tex\latex\oberdiek\kvoptions.
sty"
Package: kvoptions 2016/05/16 v3.12 Key value format for package options (HO)
)
\@linkdim=\dimen269
\Hy@linkcounter=\count151
\Hy@pagecounter=\count152

("C:\Users\User\AppData\Local\Programs\MiKTeX 2.9\tex\latex\hyperref\pd1enc.def
"
File: pd1enc.def 2018/02/06 v6.86b Hyperref: PDFDocEncoding definition (HO)
)
\Hy@SavedSpaceFactor=\count153

("C:\Users\User\AppData\Local\Programs\MiKTeX 2.9\tex\latex\00miktex\hyperref.c
fg"
File: hyperref.cfg 2002/06/06 v1.2 hyperref configuration of TeXLive
)
Package hyperref Info: Hyper figures OFF on input line 4509.
Package hyperref Info: Link nesting OFF on input line 4514.
Package hyperref Info: Hyper index ON on input line 4517.
Package hyperref Info: Plain pages OFF on input line 4524.
Package hyperref Info: Backreferencing OFF on input line 4529.
Package hyperref Info: Implicit mode ON; LaTeX internals redefined.
Package hyperref Info: Bookmarks ON on input line 4762.
\c@Hy@tempcnt=\count154
 ("C:\Users\User\AppData\Local\Programs\MiKTeX 2.9\tex\latex\url\url.sty"
\Urlmuskip=\muskip11
Package: url 2013/09/16  ver 3.4  Verb mode for urls, etc.
)
LaTeX Info: Redefining \url on input line 5115.
\XeTeXLinkMargin=\dimen270
\Fld@menulength=\count155
\Field@Width=\dimen271
\Fld@charsize=\dimen272
Package hyperref Info: Hyper figures OFF on input line 6369.
Package hyperref Info: Link nesting OFF on input line 6374.
Package hyperref Info: Hyper index ON on input line 6377.
Package hyperref Info: backreferencing OFF on input line 6384.
Package hyperref Info: Link coloring OFF on input line 6389.
Package hyperref Info: Link coloring with OCG OFF on input line 6394.
Package hyperref Info: PDF/A mode OFF on input line 6399.
LaTeX Info: Redefining \ref on input line 6439.
LaTeX Info: Redefining \pageref on input line 6443.
\Hy@abspage=\count156
\c@Item=\count157
\c@Hfootnote=\count158
)
Package hyperref Info: Driver (autodetected): hpdftex.

("C:\Users\User\AppData\Local\Programs\MiKTeX 2.9\tex\latex\hyperref\hpdftex.de
f"
File: hpdftex.def 2018/02/06 v6.86b Hyperref driver for pdfTeX
\Fld@listcount=\count159
\c@bookmark@seq@number=\count160

("C:\Users\User\AppData\Local\Programs\MiKTeX 2.9\tex\latex\oberdiek\rerunfilec
heck.sty"
Package: rerunfilecheck 2016/05/16 v1.8 Rerun checks for auxiliary files (HO)
Package uniquecounter Info: New unique counter `rerunfilecheck' on input line 2
82.
)
\Hy@SectionHShift=\skip69
)
Package hyperref Info: Option `unicode' set `true' on input line 7.

("C:\Users\User\AppData\Local\Programs\MiKTeX 2.9\tex\latex\hyperref\puenc.def"
File: puenc.def 2018/02/06 v6.86b Hyperref: PDF Unicode definition (HO)
)
Package hyperref Info: Option `colorlinks' set `true' on input line 11.
 (nonliner.aux)
\openout1 = `nonliner.aux'.

LaTeX Font Info:    Checking defaults for OML/cmm/m/it on input line 12.
LaTeX Font Info:    ... okay on input line 12.
LaTeX Font Info:    Checking defaults for T1/cmr/m/n on input line 12.
LaTeX Font Info:    ... okay on input line 12.
LaTeX Font Info:    Checking defaults for OT1/cmr/m/n on input line 12.
LaTeX Font Info:    ... okay on input line 12.
LaTeX Font Info:    Checking defaults for OMS/cmsy/m/n on input line 12.
LaTeX Font Info:    ... okay on input line 12.
LaTeX Font Info:    Checking defaults for OMX/cmex/m/n on input line 12.
LaTeX Font Info:    ... okay on input line 12.
LaTeX Font Info:    Checking defaults for U/cmr/m/n on input line 12.
LaTeX Font Info:    ... okay on input line 12.
LaTeX Font Info:    Checking defaults for T2A/cmr/m/n on input line 12.
LaTeX Font Info:    ... okay on input line 12.
LaTeX Font Info:    Checking defaults for PD1/pdf/m/n on input line 12.
LaTeX Font Info:    ... okay on input line 12.
LaTeX Font Info:    Checking defaults for PU/pdf/m/n on input line 12.
LaTeX Font Info:    ... okay on input line 12.

("C:\Users\User\AppData\Local\Programs\MiKTeX 2.9\tex\latex\ucs\ucsencs.def"
File: ucsencs.def 2011/01/21 Fixes to fontencodings LGR, T3
)
Package caption Info: Begin \AtBeginDocument code.
Package caption Info: subfig package v1.3 is loaded.
Package caption Info: float package is loaded.
Package caption Info: hyperref package is loaded.
Package caption Info: wrapfig package is loaded.
Package caption Info: End \AtBeginDocument code.

("C:\Users\User\AppData\Local\Programs\MiKTeX 2.9\tex\context\base\supp-pdf.mki
i"
[Loading MPS to PDF converter (version 2006.09.02).]
\scratchcounter=\count161
\scratchdimen=\dimen273
\scratchbox=\box47
\nofMPsegments=\count162
\nofMParguments=\count163
\everyMPshowfont=\toks50
\MPscratchCnt=\count164
\MPscratchDim=\dimen274
\MPnumerator=\count165
\makeMPintoPDFobject=\count166
\everyMPtoPDFconversion=\toks51
)
("C:\Users\User\AppData\Local\Programs\MiKTeX 2.9\tex\latex\oberdiek\epstopdf-b
ase.sty"
Package: epstopdf-base 2016/05/15 v2.6 Base part for package epstopdf

("C:\Users\User\AppData\Local\Programs\MiKTeX 2.9\tex\latex\oberdiek\grfext.sty
"
Package: grfext 2016/05/16 v1.2 Manage graphics extensions (HO)
)
Package epstopdf-base Info: Redefining graphics rule for `.eps' on input line 4
38.
Package grfext Info: Graphics extension search list:
(grfext)             [.pdf,.png,.jpg,.mps,.jpeg,.jbig2,.jb2,.PDF,.PNG,.JPG,.JPE
G,.JBIG2,.JB2,.eps]
(grfext)             \AppendGraphicsExtensions on input line 456.
) ABD: EveryShipout initializing macros
Package pgfplots notification 'compat/show suggested version=true': document ha
s been generated with the most recent feature set (\pgfplotsset{compat=1.16}).

\AtBeginShipoutBox=\box48

("C:\Users\User\AppData\Local\Programs\MiKTeX 2.9\tex\latex\oberdiek\pdflscape.
sty"
Package: pdflscape 2016/05/14 v0.11 Display of landscape pages in PDF (HO)

("C:\Users\User\AppData\Local\Programs\MiKTeX 2.9\tex\latex\graphics\lscape.sty
"
Package: lscape 2000/10/22 v3.01 Landscape Pages (DPC)
)
Package pdflscape Info: Auto-detected driver: pdftex on input line 81.
)
*geometry* driver: auto-detecting
*geometry* detected driver: pdftex
*geometry* verbose mode - [ preamble ] result:
* driver: pdftex
* paper: a4paper
* layout: <same size as paper>
* layoutoffset:(h,v)=(0.0pt,0.0pt)
* modes: 
* h-part:(L,W,R)=(42.67912pt, 512.14963pt, 42.67912pt)
* v-part:(T,H,B)=(56.9055pt, 731.23584pt, 56.9055pt)
* \paperwidth=597.50787pt
* \paperheight=845.04684pt
* \textwidth=512.14963pt
* \textheight=731.23584pt
* \oddsidemargin=-29.59087pt
* \evensidemargin=-29.59087pt
* \topmargin=-52.36449pt
* \headheight=12.0pt
* \headsep=25.0pt
* \topskip=12.0pt
* \footskip=30.0pt
* \marginparwidth=35.0pt
* \marginparsep=10.0pt
* \columnsep=10.0pt
* \skip\footins=10.8pt plus 4.0pt minus 2.0pt
* \hoffset=0.0pt
* \voffset=0.0pt
* \mag=1000
* \@twocolumnfalse
* \@twosidefalse
* \@mparswitchfalse
* \@reversemarginfalse
* (1in=72.27pt=25.4mm, 1cm=28.453pt)

Package hyperref Info: Link coloring ON on input line 12.

("C:\Users\User\AppData\Local\Programs\MiKTeX 2.9\tex\latex\hyperref\nameref.st
y"
Package: nameref 2016/05/21 v2.44 Cross-referencing by name of section

("C:\Users\User\AppData\Local\Programs\MiKTeX 2.9\tex\generic\oberdiek\gettitle
string.sty"
Package: gettitlestring 2016/05/16 v1.5 Cleanup title references (HO)
)
\c@section@level=\count167
)
LaTeX Info: Redefining \ref on input line 12.
LaTeX Info: Redefining \pageref on input line 12.
LaTeX Info: Redefining \nameref on input line 12.
 (nonliner.out) (nonliner.out)
\@outlinefile=\write4
\openout4 = `nonliner.out'.

 (pre/titlepage.tex
("C:\Users\User\AppData\Local\Programs\MiKTeX 2.9\tex\latex\ucs\uni-4.def"
File: uni-4.def 2013/05/13 UCS: Unicode data U+0400..U+04FF
)
("C:\Users\User\AppData\Local\Programs\MiKTeX 2.9\tex\latex\ucs\uni-33.def"
File: uni-33.def 2013/05/13 UCS: Unicode data U+2100..U+21FF
)
Package babel Info: Redefining russian shorthand "|
(babel)             in language  on input line 27.
Package babel Info: Redefining russian shorthand "~
(babel)             in language  on input line 27.
Package babel Info: Redefining russian shorthand "|
(babel)             in language  on input line 27.
Package babel Info: Redefining russian shorthand "~
(babel)             in language  on input line 27.

[1

{C:/Users/User/AppData/Local/MiKTeX/2.9/pdftex/config/pdftex.map}])
(nonliner.toc<<ot1.cmap>><<oml.cmap>><<oms.cmap>><<omx.cmap>>
LaTeX Font Info:    Try loading font information for U+msa on input line 5.

("C:\Users\User\AppData\Local\Programs\MiKTeX 2.9\tex\latex\amsfonts\umsa.fd"
File: umsa.fd 2013/01/14 v3.01 AMS symbols A
)
LaTeX Font Info:    Try loading font information for U+msb on input line 5.

("C:\Users\User\AppData\Local\Programs\MiKTeX 2.9\tex\latex\amsfonts\umsb.fd"
File: umsb.fd 2013/01/14 v3.01 AMS symbols B
))
\tf@toc=\write5
\openout5 = `nonliner.toc'.


Package Fancyhdr Warning: \headheight is too small (12.0pt): 
 Make it at least 14.49998pt.
 We now make it that large for the rest of the document.
 This may cause the page layout to be inconsistent, however.

Package babel Info: Redefining russian shorthand "|
(babel)             in language  on input line 32.
Package babel Info: Redefining russian shorthand "~
(babel)             in language  on input line 32.
Package babel Info: Redefining russian shorthand "|
(babel)             in language  on input line 32.
Package babel Info: Redefining russian shorthand "~
(babel)             in language  on input line 32.
pdfTeX warning (ext4): destination with the same identifier (name{page.1}) has 
been already used, duplicate ignored
<to be read again> 
                   \relax 
l.32 	\newpage
               [1]
Package babel Info: Redefining russian shorthand "|
(babel)             in language  on input line 33.
Package babel Info: Redefining russian shorthand "~
(babel)             in language  on input line 33.
Package babel Info: Redefining russian shorthand "|
(babel)             in language  on input line 35.
Package babel Info: Redefining russian shorthand "~
(babel)             in language  on input line 35.
Package babel Info: Redefining russian shorthand "|
(babel)             in language  on input line 51.
Package babel Info: Redefining russian shorthand "~
(babel)             in language  on input line 51.


Package Fancyhdr Warning: \headheight is too small (12.0pt): 
 Make it at least 14.49998pt.
 We now make it that large for the rest of the document.
 This may cause the page layout to be inconsistent, however.

Package babel Info: Redefining russian shorthand "|
(babel)             in language  on input line 53.
Package babel Info: Redefining russian shorthand "~
(babel)             in language  on input line 53.
Package babel Info: Redefining russian shorthand "|
(babel)             in language  on input line 53.
Package babel Info: Redefining russian shorthand "~
(babel)             in language  on input line 53.
[2]
Package babel Info: Redefining russian shorthand "|
(babel)             in language  on input line 55.
Package babel Info: Redefining russian shorthand "~
(babel)             in language  on input line 55.
<picture/pic1.png, id=140, 557.08125pt x 649.92813pt>
File: picture/pic1.png Graphic file (type png)
<use picture/pic1.png>
Package pdftex.def Info: picture/pic1.png  used on input line 73.
(pdftex.def)             Requested size: 153.64644pt x 179.25143pt.

Underfull \hbox (badness 3568) in paragraph at lines 67--76
\OT1/cmr/m/n/12 (\OML/cmm/m/it/12 di=du\OT1/cmr/m/n/12 )[]$ \T2A/cmr/m/n/12 в р
а-бо-чей точ-ке $\OML/cmm/m/it/12 u \OT1/cmr/m/n/12 = \OML/cmm/m/it/12 v[]$\T2A
/cmr/m/n/12 , $\OML/cmm/m/it/12 a[]$ \T2A/cmr/m/n/12 -- первую про-из-вод-ную к
ру-тиз-ны (с ко-
 []


Underfull \hbox (badness 3428) in paragraph at lines 67--76
\T2A/cmr/m/n/12 эф-фи-ци-ен-том 1/2!), $\OML/cmm/m/it/12 a[]$ \T2A/cmr/m/n/12 -
- вто-рую про-из-вод-ную кру-тиз-ны (с ко-эф-фи-ци-ен-том 1/3!) и
 []


Underfull \hbox (badness 5147) in paragraph at lines 67--76
\T2A/cmr/m/n/12 т.д. При за-дан-ной фор-ме вольт-амперной ха-рак-те-ри-сти-ки, 
ве-ли-чи-ны ко-эф-фи-ци-ен-тов
 []


Package Fancyhdr Warning: \headheight is too small (12.0pt): 
 Make it at least 14.49998pt.
 We now make it that large for the rest of the document.
 This may cause the page layout to be inconsistent, however.

Package babel Info: Redefining russian shorthand "|
(babel)             in language  on input line 84.
Package babel Info: Redefining russian shorthand "~
(babel)             in language  on input line 84.
Package babel Info: Redefining russian shorthand "|
(babel)             in language  on input line 84.
Package babel Info: Redefining russian shorthand "~
(babel)             in language  on input line 84.
[3 <./picture/pic1.png>]
Package babel Info: Redefining russian shorthand "|
(babel)             in language  on input line 89.
Package babel Info: Redefining russian shorthand "~
(babel)             in language  on input line 89.
<picture/pic21.png, id=153, 360.84813pt x 411.5375pt>
File: picture/pic21.png Graphic file (type png)
<use picture/pic21.png>
Package pdftex.def Info: picture/pic21.png  used on input line 102.
(pdftex.def)             Requested size: 125.47806pt x 143.10463pt.
<picture/pic22.png, id=154, 447.17062pt x 407.5225pt>
File: picture/pic22.png Graphic file (type png)
<use picture/pic22.png>
Package pdftex.def Info: picture/pic22.png  used on input line 106.
(pdftex.def)             Requested size: 150.5752pt x 137.2251pt.
Package babel Info: Redefining russian shorthand "|
(babel)             in language  on input line 112.
Package babel Info: Redefining russian shorthand "~
(babel)             in language  on input line 112.


Package Fancyhdr Warning: \headheight is too small (12.0pt): 
 Make it at least 14.49998pt.
 We now make it that large for the rest of the document.
 This may cause the page layout to be inconsistent, however.

Package babel Info: Redefining russian shorthand "|
(babel)             in language  on input line 114.
Package babel Info: Redefining russian shorthand "~
(babel)             in language  on input line 114.
Package babel Info: Redefining russian shorthand "|
(babel)             in language  on input line 114.
Package babel Info: Redefining russian shorthand "~
(babel)             in language  on input line 114.
[4 <./picture/pic21.png> <./picture/pic22.png>]
Package babel Info: Redefining russian shorthand "|
(babel)             in language  on input line 134.
Package babel Info: Redefining russian shorthand "~
(babel)             in language  on input line 134.


Package Fancyhdr Warning: \headheight is too small (12.0pt): 
 Make it at least 14.49998pt.
 We now make it that large for the rest of the document.
 This may cause the page layout to be inconsistent, however.

Package babel Info: Redefining russian shorthand "|
(babel)             in language  on input line 144.
Package babel Info: Redefining russian shorthand "~
(babel)             in language  on input line 144.
Package babel Info: Redefining russian shorthand "|
(babel)             in language  on input line 144.
Package babel Info: Redefining russian shorthand "~
(babel)             in language  on input line 144.
[5] ("C:\Users\User\AppData\Local\Programs\MiKTeX 2.9\tex\latex\ucs\uni-32.def"
File: uni-32.def 2013/05/13 UCS: Unicode data U+2000..U+20FF
)
<picture/pic3.jpg, id=179, 258.9675pt x 128.48pt>
File: picture/pic3.jpg Graphic file (type jpg)
<use picture/pic3.jpg>
Package pdftex.def Info: picture/pic3.jpg  used on input line 163.
(pdftex.def)             Requested size: 258.96684pt x 128.47968pt.

Overfull \hbox (2.89203pt too wide) in paragraph at lines 163--164
 [][] 
 []


Package Fancyhdr Warning: \headheight is too small (12.0pt): 
 Make it at least 14.49998pt.
 We now make it that large for the rest of the document.
 This may cause the page layout to be inconsistent, however.

Package babel Info: Redefining russian shorthand "|
(babel)             in language  on input line 189.
Package babel Info: Redefining russian shorthand "~
(babel)             in language  on input line 189.
Package babel Info: Redefining russian shorthand "|
(babel)             in language  on input line 189.
Package babel Info: Redefining russian shorthand "~
(babel)             in language  on input line 189.
[6 <./picture/pic3.jpg>]
<picture/pic4.jpg, id=197, 494.84875pt x 304.13625pt>
File: picture/pic4.jpg Graphic file (type jpg)
<use picture/pic4.jpg>
Package pdftex.def Info: picture/pic4.jpg  used on input line 207.
(pdftex.def)             Requested size: 409.72125pt x 251.8158pt.


Package Fancyhdr Warning: \headheight is too small (12.0pt): 
 Make it at least 14.49998pt.
 We now make it that large for the rest of the document.
 This may cause the page layout to be inconsistent, however.

Package babel Info: Redefining russian shorthand "|
(babel)             in language  on input line 214.
Package babel Info: Redefining russian shorthand "~
(babel)             in language  on input line 214.
Package babel Info: Redefining russian shorthand "|
(babel)             in language  on input line 214.
Package babel Info: Redefining russian shorthand "~
(babel)             in language  on input line 214.
[7 <./picture/pic4.jpg>]
Package babel Info: Redefining russian shorthand "|
(babel)             in language  on input line 220.
Package babel Info: Redefining russian shorthand "~
(babel)             in language  on input line 220.
<picture/pic5.jpg, id=207, 606.265pt x 440.64626pt>
File: picture/pic5.jpg Graphic file (type jpg)
<use picture/pic5.jpg>
Package pdftex.def Info: picture/pic5.jpg  used on input line 224.
(pdftex.def)             Requested size: 358.50317pt x 260.57072pt.


Package Fancyhdr Warning: \headheight is too small (12.0pt): 
 Make it at least 14.49998pt.
 We now make it that large for the rest of the document.
 This may cause the page layout to be inconsistent, however.

Package babel Info: Redefining russian shorthand "|
(babel)             in language  on input line 232.
Package babel Info: Redefining russian shorthand "~
(babel)             in language  on input line 232.
Package babel Info: Redefining russian shorthand "|
(babel)             in language  on input line 232.
Package babel Info: Redefining russian shorthand "~
(babel)             in language  on input line 232.
[8 <./picture/pic5.jpg>]
Package babel Info: Redefining russian shorthand "|
(babel)             in language  on input line 264.
Package babel Info: Redefining russian shorthand "~
(babel)             in language  on input line 264.


Package caption Warning: \label without proper reference on input line 274.
See the caption package documentation for explanation.


LaTeX Warning: Reference `pic:6' on page 9 undefined on input line 266.


Package caption Warning: \label without proper reference on input line 274.
See the caption package documentation for explanation.


LaTeX Warning: Reference `pic:6' on page 9 undefined on input line 266.

<picture/pic6.jpg, id=223, 1121.18875pt x 511.41063pt>
File: picture/pic6.jpg Graphic file (type jpg)
<use picture/pic6.jpg>
Package pdftex.def Info: picture/pic6.jpg  used on input line 270.
(pdftex.def)             Requested size: 256.07481pt x 116.8026pt.

Package Fancyhdr Warning: \headheight is too small (12.0pt): 
 Make it at least 14.49998pt.
 We now make it that large for the rest of the document.
 This may cause the page layout to be inconsistent, however.

Package babel Info: Redefining russian shorthand "|
(babel)             in language  on input line 277.
Package babel Info: Redefining russian shorthand "~
(babel)             in language  on input line 277.
Package babel Info: Redefining russian shorthand "|
(babel)             in language  on input line 277.
Package babel Info: Redefining russian shorthand "~
(babel)             in language  on input line 277.
[9]

Package caption Warning: \label without proper reference on input line 274.
See the caption package documentation for explanation.


LaTeX Warning: Reference `pic:6' on page 10 undefined on input line 277.


Package caption Warning: \label without proper reference on input line 274.
See the caption package documentation for explanation.


LaTeX Warning: Reference `pic:6' on page 10 undefined on input line 282.

Package babel Info: Redefining russian shorthand "|
(babel)             in language  on input line 285.
Package babel Info: Redefining russian shorthand "~
(babel)             in language  on input line 285.

LaTeX Warning: Command \CYRS invalid in math mode on input line 291.

Missing character: There is no С in font cmr12!
<picture/pic7.jpg, id=239, 662.475pt x 262.9825pt>
File: picture/pic7.jpg Graphic file (type jpg)
<use picture/pic7.jpg>
Package pdftex.def Info: picture/pic7.jpg  used on input line 294.
(pdftex.def)             Requested size: 358.50317pt x 142.3134pt.

Package Fancyhdr Warning: \headheight is too small (12.0pt): 
 Make it at least 14.49998pt.
 We now make it that large for the rest of the document.
 This may cause the page layout to be inconsistent, however.

Package babel Info: Redefining russian shorthand "|
(babel)             in language  on input line 298.
Package babel Info: Redefining russian shorthand "~
(babel)             in language  on input line 298.
Package babel Info: Redefining russian shorthand "|
(babel)             in language  on input line 298.
Package babel Info: Redefining russian shorthand "~
(babel)             in language  on input line 298.
[10 <./picture/pic6.jpg>]
Package babel Info: Redefining russian shorthand "|
(babel)             in language  on input line 298.
Package babel Info: Redefining russian shorthand "~
(babel)             in language  on input line 298.
<picture/pic8.jpg, id=245, 861.71938pt x 439.6425pt>
File: picture/pic8.jpg Graphic file (type jpg)
<use picture/pic8.jpg>
Package pdftex.def Info: picture/pic8.jpg  used on input line 304.
(pdftex.def)             Requested size: 358.50317pt x 182.9111pt.
<picture/pic9.jpg, id=246, 957.07562pt x 676.02562pt>
File: picture/pic9.jpg Graphic file (type jpg)
<use picture/pic9.jpg>
Package pdftex.def Info: picture/pic9.jpg  used on input line 311.
(pdftex.def)             Requested size: 307.2929pt x 217.05469pt.


LaTeX Warning: `!h' float specifier changed to `!ht'.


Package Fancyhdr Warning: \headheight is too small (12.0pt): 
 Make it at least 14.49998pt.
 We now make it that large for the rest of the document.
 This may cause the page layout to be inconsistent, however.

Package babel Info: Redefining russian shorthand "|
(babel)             in language  on input line 319.
Package babel Info: Redefining russian shorthand "~
(babel)             in language  on input line 319.
Package babel Info: Redefining russian shorthand "|
(babel)             in language  on input line 319.
Package babel Info: Redefining russian shorthand "~
(babel)             in language  on input line 319.
[11 <./picture/pic7.jpg> <./picture/pic8.jpg>]
<picture/pic10.jpg, id=255, 1055.945pt x 666.99188pt>
File: picture/pic10.jpg Graphic file (type jpg)
<use picture/pic10.jpg>
Package pdftex.def Info: picture/pic10.jpg  used on input line 322.
(pdftex.def)             Requested size: 512.14963pt x 323.50085pt.


Package Fancyhdr Warning: \headheight is too small (12.0pt): 
 Make it at least 14.49998pt.
 We now make it that large for the rest of the document.
 This may cause the page layout to be inconsistent, however.

Package babel Info: Redefining russian shorthand "|
(babel)             in language  on input line 326.
Package babel Info: Redefining russian shorthand "~
(babel)             in language  on input line 326.
Package babel Info: Redefining russian shorthand "|
(babel)             in language  on input line 326.
Package babel Info: Redefining russian shorthand "~
(babel)             in language  on input line 326.
[12 <./picture/pic9.jpg> <./picture/pic10.jpg>]
Package babel Info: Redefining russian shorthand "|
(babel)             in language  on input line 327.
Package babel Info: Redefining russian shorthand "~
(babel)             in language  on input line 327.
<plots/exp1.pdf, id=266, 722.7pt x 505.89pt>
File: plots/exp1.pdf Graphic file (type pdf)
<use plots/exp1.pdf>
Package pdftex.def Info: plots/exp1.pdf  used on input line 335.
(pdftex.def)             Requested size: 512.14963pt x 358.50511pt.


Package Fancyhdr Warning: \headheight is too small (12.0pt): 
 Make it at least 14.49998pt.
 We now make it that large for the rest of the document.
 This may cause the page layout to be inconsistent, however.

Package babel Info: Redefining russian shorthand "|
(babel)             in language  on input line 345.
Package babel Info: Redefining russian shorthand "~
(babel)             in language  on input line 345.
Package babel Info: Redefining russian shorthand "|
(babel)             in language  on input line 345.
Package babel Info: Redefining russian shorthand "~
(babel)             in language  on input line 345.
[13

 <./plots/exp1.pdf>]
Package babel Info: Redefining russian shorthand "|
(babel)             in language  on input line 345.
Package babel Info: Redefining russian shorthand "~
(babel)             in language  on input line 345.


LaTeX Warning: Command \CYRG invalid in math mode on input line 346.

Missing character: There is no Г in font cmr12!
<plots/exp2.pdf, id=290, 722.7pt x 505.89pt>
File: plots/exp2.pdf Graphic file (type pdf)
<use plots/exp2.pdf>
Package pdftex.def Info: plots/exp2.pdf  used on input line 351.
(pdftex.def)             Requested size: 512.14963pt x 358.50511pt.

Package Fancyhdr Warning: \headheight is too small (12.0pt): 
 Make it at least 14.49998pt.
 We now make it that large for the rest of the document.
 This may cause the page layout to be inconsistent, however.

Package babel Info: Redefining russian shorthand "|
(babel)             in language  on input line 361.
Package babel Info: Redefining russian shorthand "~
(babel)             in language  on input line 361.
Package babel Info: Redefining russian shorthand "|
(babel)             in language  on input line 361.
Package babel Info: Redefining russian shorthand "~
(babel)             in language  on input line 361.
[14 <./plots/exp2.pdf>]

LaTeX Warning: Command \cyrg invalid in math mode on input line 363.

Missing character: There is no г in font cmr8!
Package babel Info: Redefining russian shorthand "|
(babel)             in language  on input line 370.
Package babel Info: Redefining russian shorthand "~
(babel)             in language  on input line 370.
Package babel Info: Redefining russian shorthand "|
(babel)             in language  on input line 372.
Package babel Info: Redefining russian shorthand "~
(babel)             in language  on input line 372.
<photo/311.jpg, id=316, 963.6pt x 963.6pt>
File: photo/311.jpg Graphic file (type jpg)
<use photo/311.jpg>
Package pdftex.def Info: photo/311.jpg  used on input line 376.
(pdftex.def)             Requested size: 200.76566pt x 200.75931pt.
<photo/312.jpg, id=317, 963.6pt x 963.6pt>
File: photo/312.jpg Graphic file (type jpg)
<use photo/312.jpg>
Package pdftex.def Info: photo/312.jpg  used on input line 382.
(pdftex.def)             Requested size: 200.76566pt x 200.75931pt.

Package Fancyhdr Warning: \headheight is too small (12.0pt): 
 Make it at least 14.49998pt.
 We now make it that large for the rest of the document.
 This may cause the page layout to be inconsistent, however.

Package babel Info: Redefining russian shorthand "|
(babel)             in language  on input line 388.
Package babel Info: Redefining russian shorthand "~
(babel)             in language  on input line 388.
Package babel Info: Redefining russian shorthand "|
(babel)             in language  on input line 388.
Package babel Info: Redefining russian shorthand "~
(babel)             in language  on input line 388.
[15 <./photo/311.jpg> <./photo/312.jpg>]
Package babel Info: Redefining russian shorthand "|
(babel)             in language  on input line 388.
Package babel Info: Redefining russian shorthand "~
(babel)             in language  on input line 388.


Package hyperref Warning: Token not allowed in a PDF string (Unicode):
(hyperref)                removing `math shift' on input line 388.


Package hyperref Warning: Token not allowed in a PDF string (Unicode):
(hyperref)                removing `subscript' on input line 388.


Package hyperref Warning: Token not allowed in a PDF string (Unicode):
(hyperref)                removing `subscript' on input line 388.


Package hyperref Warning: Token not allowed in a PDF string (Unicode):
(hyperref)                removing `math shift' on input line 388.

<plots/exp3a.pdf, id=324, 722.7pt x 505.89pt>
File: plots/exp3a.pdf Graphic file (type pdf)
<use plots/exp3a.pdf>
Package pdftex.def Info: plots/exp3a.pdf  used on input line 391.
(pdftex.def)             Requested size: 409.72125pt x 286.80872pt.

Underfull \hbox (badness 1389) in paragraph at lines 399--399
[]\T2A/cmr/bx/n/14.4 Зависимость вы-ход-но-го на-пря-же-ния от ча-сто-ты мо-ду-
ля-ции
 []

Package babel Info: Redefining russian shorthand "|
(babel)             in language  on input line 399.
Package babel Info: Redefining russian shorthand "~
(babel)             in language  on input line 399.

Package hyperref Warning: Token not allowed in a PDF string (Unicode):
(hyperref)                removing `math shift' on input line 399.


Package hyperref Warning: Token not allowed in a PDF string (Unicode):
(hyperref)                removing `subscript' on input line 399.


Package hyperref Warning: Token not allowed in a PDF string (Unicode):
(hyperref)                removing `\varphi' on input line 399.


Package hyperref Warning: Token not allowed in a PDF string (Unicode):
(hyperref)                removing `subscript' on input line 399.


Package hyperref Warning: Token not allowed in a PDF string (Unicode):
(hyperref)                removing `math shift' on input line 399.

<plots/exp3b.pdf, id=326, 722.7pt x 505.89pt>
File: plots/exp3b.pdf Graphic file (type pdf)
<use plots/exp3b.pdf>
Package pdftex.def Info: plots/exp3b.pdf  used on input line 402.
(pdftex.def)             Requested size: 409.72125pt x 286.80872pt.
<picture/pic11.jpg, id=328, 1327.96124pt x 735.74875pt>
File: picture/pic11.jpg Graphic file (type jpg)
<use picture/pic11.jpg>
Package pdftex.def Info: picture/pic11.jpg  used on input line 409.
(pdftex.def)             Requested size: 409.72125pt x 227.002pt.

Package Fancyhdr Warning: \headheight is too small (12.0pt): 
 Make it at least 14.49998pt.
 We now make it that large for the rest of the document.
 This may cause the page layout to be inconsistent, however.

Package babel Info: Redefining russian shorthand "|
(babel)             in language  on input line 414.
Package babel Info: Redefining russian shorthand "~
(babel)             in language  on input line 414.
Package babel Info: Redefining russian shorthand "|
(babel)             in language  on input line 414.
Package babel Info: Redefining russian shorthand "~
(babel)             in language  on input line 414.
[16 <./plots/exp3a.pdf>]

Package Fancyhdr Warning: \headheight is too small (12.0pt): 
 Make it at least 14.49998pt.
 We now make it that large for the rest of the document.
 This may cause the page layout to be inconsistent, however.

Package babel Info: Redefining russian shorthand "|
(babel)             in language  on input line 414.
Package babel Info: Redefining russian shorthand "~
(babel)             in language  on input line 414.
Package babel Info: Redefining russian shorthand "|
(babel)             in language  on input line 414.
Package babel Info: Redefining russian shorthand "~
(babel)             in language  on input line 414.
[17 <./plots/exp3b.pdf> <./picture/pic11.jpg>]
<photo/1kHztau1.jpg, id=374, 963.6pt x 722.7pt>
File: photo/1kHztau1.jpg Graphic file (type jpg)
<use photo/1kHztau1.jpg>
Package pdftex.def Info: photo/1kHztau1.jpg  used on input line 419.
(pdftex.def)             Requested size: 152.10823pt x 114.07948pt.
<photo/7kHztau1.jpg, id=375, 963.6pt x 722.7pt>
File: photo/7kHztau1.jpg Graphic file (type jpg)
<use photo/7kHztau1.jpg>
Package pdftex.def Info: photo/7kHztau1.jpg  used on input line 424.
(pdftex.def)             Requested size: 152.10823pt x 114.07948pt.
<photo/15kHztau1.jpg, id=376, 963.6pt x 722.7pt>
File: photo/15kHztau1.jpg Graphic file (type jpg)
<use photo/15kHztau1.jpg>
Package pdftex.def Info: photo/15kHztau1.jpg  used on input line 429.
(pdftex.def)             Requested size: 152.10823pt x 114.07948pt.
<photo/1kHztau2.jpg, id=377, 963.6pt x 722.7pt>
File: photo/1kHztau2.jpg Graphic file (type jpg)
<use photo/1kHztau2.jpg>
Package pdftex.def Info: photo/1kHztau2.jpg  used on input line 434.
(pdftex.def)             Requested size: 152.10823pt x 114.07948pt.
<photo/7kHztau2.jpg, id=378, 963.6pt x 722.7pt>
File: photo/7kHztau2.jpg Graphic file (type jpg)
<use photo/7kHztau2.jpg>
Package pdftex.def Info: photo/7kHztau2.jpg  used on input line 440.
(pdftex.def)             Requested size: 152.10823pt x 114.07948pt.
<photo/15kHztau2.jpg, id=379, 963.6pt x 722.7pt>
File: photo/15kHztau2.jpg Graphic file (type jpg)
<use photo/15kHztau2.jpg>
Package pdftex.def Info: photo/15kHztau2.jpg  used on input line 446.
(pdftex.def)             Requested size: 152.10823pt x 114.07948pt.
Package babel Info: Redefining russian shorthand "|
(babel)             in language  on input line 451.
Package babel Info: Redefining russian shorthand "~
(babel)             in language  on input line 451.
<picture/pic12.jpg, id=380, 1500.60625pt x 332.24126pt>
File: picture/pic12.jpg Graphic file (type jpg)
<use picture/pic12.jpg>
Package pdftex.def Info: picture/pic12.jpg  used on input line 454.
(pdftex.def)             Requested size: 512.14963pt x 113.39143pt.
<plots/exp3c.pdf, id=381, 722.7pt x 505.89pt>
File: plots/exp3c.pdf Graphic file (type pdf)
<use plots/exp3c.pdf>
Package pdftex.def Info: plots/exp3c.pdf  used on input line 461.
(pdftex.def)             Requested size: 512.14963pt x 358.50511pt.


Package Fancyhdr Warning: \headheight is too small (12.0pt): 
 Make it at least 14.49998pt.
 We now make it that large for the rest of the document.
 This may cause the page layout to be inconsistent, however.

Package babel Info: Redefining russian shorthand "|
(babel)             in language  on input line 465.
Package babel Info: Redefining russian shorthand "~
(babel)             in language  on input line 465.
Package babel Info: Redefining russian shorthand "|
(babel)             in language  on input line 465.
Package babel Info: Redefining russian shorthand "~
(babel)             in language  on input line 465.
[18 <./photo/1kHztau1.jpg> <./photo/7kHztau1.jpg> <./photo/15kHztau1.jpg> <./ph
oto/1kHztau2.jpg> <./photo/7kHztau2.jpg> <./photo/15kHztau2.jpg> <./picture/pic
12.jpg>]
Package babel Info: Redefining russian shorthand "|
(babel)             in language  on input line 465.
Package babel Info: Redefining russian shorthand "~
(babel)             in language  on input line 465.
Package babel Info: Redefining russian shorthand "|
(babel)             in language  on input line 468.
Package babel Info: Redefining russian shorthand "~
(babel)             in language  on input line 468.


Package Fancyhdr Warning: \headheight is too small (12.0pt): 
 Make it at least 14.49998pt.
 We now make it that large for the rest of the document.
 This may cause the page layout to be inconsistent, however.

Package babel Info: Redefining russian shorthand "|
(babel)             in language  on input line 470.
Package babel Info: Redefining russian shorthand "~
(babel)             in language  on input line 470.
Package babel Info: Redefining russian shorthand "|
(babel)             in language  on input line 470.
Package babel Info: Redefining russian shorthand "~
(babel)             in language  on input line 470.
[19 <./plots/exp3c.pdf>]
Package atveryend Info: Empty hook `BeforeClearDocument' on input line 470.
Package atveryend Info: Empty hook `AfterLastShipout' on input line 470.
 (nonliner.aux)
Package atveryend Info: Executing hook `AtVeryEndDocument' on input line 470.
Package atveryend Info: Executing hook `AtEndAfterFileList' on input line 470.
Package rerunfilecheck Info: File `nonliner.out' has not changed.
(rerunfilecheck)             Checksum: 00B4596B964EB0F5AF38D216FA9955AF;6278.


LaTeX Warning: There were undefined references.

Package atveryend Info: Empty hook `AtVeryVeryEnd' on input line 470.
 ) 
Here is how much of TeX's memory you used:
 34905 strings out of 492973
 780032 string characters out of 3127135
 938490 words of memory out of 3000000
 38030 multiletter control sequences out of 15000+200000
 21299 words of font info for 58 fonts, out of 3000000 for 9000
 1141 hyphenation exceptions out of 8191
 80i,15n,136p,1682b,670s stack positions out of 5000i,500n,10000p,200000b,50000s
 <C:\Users\User\AppData\Local\MiKTeX\2.9\fonts\pk\ljfour\lh\lh-t2a\dpi600\lab
x1000.pk> <C:\Users\User\AppData\Local\MiKTeX\2.9\fonts\pk\ljfour\lh\lh-t2a\dpi
600\larm0600.pk> <C:\Users\User\AppData\Local\MiKTeX\2.9\fonts\pk\ljfour\lh\lh-
t2a\dpi600\lati1200.pk> <C:\Users\User\AppData\Local\MiKTeX\2.9\fonts\pk\ljfour
\lh\lh-t2a\dpi600\labx1440.pk> <C:\Users\User\AppData\Local\MiKTeX\2.9\fonts\pk
\ljfour\lh\lh-t2a\dpi600\larm0800.pk> <C:\Users\User\AppData\Local\MiKTeX\2.9\f
onts\pk\ljfour\lh\lh-t2a\dpi600\labx1200.pk> <C:\Users\User\AppData\Local\MiKTe
X\2.9\fonts\pk\ljfour\lh\lh-t2a\dpi600\larm1200.pk> <C:\Users\User\AppData\Loca
l\MiKTeX\2.9\fonts\pk\ljfour\lh\lh-t2a\dpi600\labx1728.pk> <C:\Users\User\AppDa
ta\Local\MiKTeX\2.9\fonts\pk\ljfour\lh\lh-t2a\dpi600\larm1728.pk> <C:\Users\Use
r\AppData\Local\MiKTeX\2.9\fonts\pk\ljfour\lh\lh-t2a\dpi600\lacc1200.pk><C:/Use
rs/User/AppData/Local/Programs/MiKTeX 2.9/fonts/type1/public/amsfonts/cm/cmex10
.pfb><C:/Users/User/AppData/Local/Programs/MiKTeX 2.9/fonts/type1/public/amsfon
ts/cm/cmmi12.pfb><C:/Users/User/AppData/Local/Programs/MiKTeX 2.9/fonts/type1/p
ublic/amsfonts/cm/cmmi8.pfb><C:/Users/User/AppData/Local/Programs/MiKTeX 2.9/fo
nts/type1/public/amsfonts/cm/cmr12.pfb><C:/Users/User/AppData/Local/Programs/Mi
KTeX 2.9/fonts/type1/public/amsfonts/cm/cmr6.pfb><C:/Users/User/AppData/Local/P
rograms/MiKTeX 2.9/fonts/type1/public/amsfonts/cm/cmr8.pfb><C:/Users/User/AppDa
ta/Local/Programs/MiKTeX 2.9/fonts/type1/public/amsfonts/cm/cmsy10.pfb><C:/User
s/User/AppData/Local/Programs/MiKTeX 2.9/fonts/type1/public/amsfonts/cm/cmsy8.p
fb>
Output written on nonliner.pdf (20 pages, 3913734 bytes).
PDF statistics:
 771 PDF objects out of 1000 (max. 8388607)
 77 named destinations out of 1000 (max. 500000)
 323 words of extra memory for PDF output out of 10000 (max. 10000000)

