This is pdfTeX, Version 3.14159265-2.6-1.40.18 (MiKTeX 2.9.6500) (preloaded format=pdflatex 2018.3.8)  25 MAR 2018 11:24
entering extended mode
**"C:/Users/esyun/Dropbox/–ª–∞–±–æ—Ä–∞—Ç–æ—Ä–Ω—ã–µ —Ä–∞–±–æ—Ç—ã/–ø–∞—Ä–∞–º–µ—Ç—
Ä–∏—á–µ—Å–∫–∏–π —Ä–µ–∑–æ–Ω–∞–Ω—Å/pre/pregrapics.tex"

("C:/Users/esyun/Dropbox/–ª–∞–±–æ—Ä–∞—Ç–æ—Ä–Ω—ã–µ —Ä–∞–±–æ—Ç—ã/–ø–∞—Ä–∞–º–µ—Ç—Ä
–∏—á–µ—Å–∫–∏–π —Ä–µ–∑–æ–Ω–∞–Ω—Å/pre/pregrapics.tex"
LaTeX2e <2017-04-15>
Babel <3.16> and hyphenation patterns for 75 language(s) loaded.
(D:\A\MIKTEX\tex\latex\standalone\standalone.cls
Document Class: standalone 2015/07/15 v1.2 Class to compile TeX sub-files stand
alone
(D:\A\MIKTEX\tex\generic\oberdiek\ifluatex.sty
Package: ifluatex 2016/05/16 v1.4 Provides the ifluatex switch (HO)
Package ifluatex Info: LuaTeX not detected.
)
(D:\A\MIKTEX\tex\generic\oberdiek\ifpdf.sty
Package: ifpdf 2017/03/15 v3.2 Provides the ifpdf switch
)
(D:\A\MIKTEX\tex\generic\ifxetex\ifxetex.sty
Package: ifxetex 2010/09/12 v0.6 Provides ifxetex conditional
)
(D:\A\MIKTEX\tex\latex\xkeyval\xkeyval.sty
Package: xkeyval 2014/12/03 v2.7a package option processing (HA)

(D:\A\MIKTEX\tex\generic\xkeyval\xkeyval.tex
(D:\A\MIKTEX\tex\generic\xkeyval\xkvutils.tex
\XKV@toks=\toks14
\XKV@tempa@toks=\toks15

(D:\A\MIKTEX\tex\generic\xkeyval\keyval.tex))
\XKV@depth=\count79
File: xkeyval.tex 2014/12/03 v2.7a key=value parser (HA)
))
\sa@internal=\count80
\c@sapage=\count81

(D:\A\MIKTEX\tex\latex\standalone\standalone.cfg
File: standalone.cfg 2015/07/15 v1.2 Default configuration file for 'standalone
' class
)
(D:\A\MIKTEX\tex\latex\base\article.cls
Document Class: article 2014/09/29 v1.4h Standard LaTeX document class
(D:\A\MIKTEX\tex\latex\base\size10.clo
File: size10.clo 2014/09/29 v1.4h Standard LaTeX file (size option)
)
\c@part=\count82
\c@section=\count83
\c@subsection=\count84
\c@subsubsection=\count85
\c@paragraph=\count86
\c@subparagraph=\count87
\c@figure=\count88
\c@table=\count89
\abovecaptionskip=\skip41
\belowcaptionskip=\skip42
\bibindent=\dimen102
)
\sa@box=\box26
)
(D:\A\MIKTEX\tex\latex\pgfplots\pgfplotstable.sty
(D:\A\MIKTEX\tex\generic\pgfplots\pgfplots.revision.tex)
Package: pgfplotstable 2017/06/05 v1.15 Table typesetting and Pretty-printing (
1.15)

(D:\A\MIKTEX\tex\latex\pgfplots\pgfplots.sty
(D:\A\MIKTEX\tex\generic\pgfplots\pgfplots.revision.tex)
Package: pgfplots 2017/06/05 v1.15 Data Visualization (1.15)

(D:\A\MIKTEX\tex\latex\graphics\graphicx.sty
Package: graphicx 2017/06/01 v1.1a Enhanced LaTeX Graphics (DPC,SPQR)

(D:\A\MIKTEX\tex\latex\graphics\graphics.sty
Package: graphics 2017/06/25 v1.2c Standard LaTeX Graphics (DPC,SPQR)

(D:\A\MIKTEX\tex\latex\graphics\trig.sty
Package: trig 2016/01/03 v1.10 sin cos tan (DPC)
)
(D:\A\MIKTEX\tex\latex\graphics-cfg\graphics.cfg
File: graphics.cfg 2016/06/04 v1.11 sample graphics configuration
)
Package graphics Info: Driver file: pdftex.def on input line 99.

(D:\A\MIKTEX\tex\latex\graphics-def\pdftex.def
File: pdftex.def 2018/01/08 v1.0l Graphics/color driver for pdftex
))
\Gin@req@height=\dimen103
\Gin@req@width=\dimen104
)
(D:\A\MIKTEX\tex\latex\pgf\frontendlayer\tikz.sty
(D:\A\MIKTEX\tex\latex\pgf\basiclayer\pgf.sty
(D:\A\MIKTEX\tex\latex\pgf\utilities\pgfrcs.sty
(D:\A\MIKTEX\tex\generic\pgf\utilities\pgfutil-common.tex
\pgfutil@everybye=\toks16
\pgfutil@tempdima=\dimen105
\pgfutil@tempdimb=\dimen106

(D:\A\MIKTEX\tex\generic\pgf\utilities\pgfutil-common-lists.tex))
(D:\A\MIKTEX\tex\generic\pgf\utilities\pgfutil-latex.def
\pgfutil@abb=\box27

(D:\A\MIKTEX\tex\latex\ms\everyshi.sty
Package: everyshi 2001/05/15 v3.00 EveryShipout Package (MS)
))
(D:\A\MIKTEX\tex\generic\pgf\utilities\pgfrcs.code.tex
Package: pgfrcs 2015/08/07 v3.0.1a (rcs-revision 1.31)
))
Package: pgf 2015/08/07 v3.0.1a (rcs-revision 1.15)

(D:\A\MIKTEX\tex\latex\pgf\basiclayer\pgfcore.sty
(D:\A\MIKTEX\tex\latex\pgf\systemlayer\pgfsys.sty
(D:\A\MIKTEX\tex\generic\pgf\systemlayer\pgfsys.code.tex
Package: pgfsys 2014/07/09 v3.0.1a (rcs-revision 1.48)

(D:\A\MIKTEX\tex\generic\pgf\utilities\pgfkeys.code.tex
\pgfkeys@pathtoks=\toks17
\pgfkeys@temptoks=\toks18

(D:\A\MIKTEX\tex\generic\pgf\utilities\pgfkeysfiltered.code.tex
\pgfkeys@tmptoks=\toks19
))
\pgf@x=\dimen107
\pgf@y=\dimen108
\pgf@xa=\dimen109
\pgf@ya=\dimen110
\pgf@xb=\dimen111
\pgf@yb=\dimen112
\pgf@xc=\dimen113
\pgf@yc=\dimen114
\w@pgf@writea=\write3
\r@pgf@reada=\read1
\c@pgf@counta=\count90
\c@pgf@countb=\count91
\c@pgf@countc=\count92
\c@pgf@countd=\count93
\t@pgf@toka=\toks20
\t@pgf@tokb=\toks21
\t@pgf@tokc=\toks22

(D:\A\MIKTEX\tex\generic\pgf\systemlayer\pgf.cfg
File: pgf.cfg 2008/05/14  (rcs-revision 1.7)
)
Driver file for pgf: pgfsys-pdftex.def

(D:\A\MIKTEX\tex\generic\pgf\systemlayer\pgfsys-pdftex.def
File: pgfsys-pdftex.def 2014/10/11  (rcs-revision 1.35)

(D:\A\MIKTEX\tex\generic\pgf\systemlayer\pgfsys-common-pdf.def
File: pgfsys-common-pdf.def 2013/10/10  (rcs-revision 1.13)
)))
(D:\A\MIKTEX\tex\generic\pgf\systemlayer\pgfsyssoftpath.code.tex
File: pgfsyssoftpath.code.tex 2013/09/09  (rcs-revision 1.9)
\pgfsyssoftpath@smallbuffer@items=\count94
\pgfsyssoftpath@bigbuffer@items=\count95
)
(D:\A\MIKTEX\tex\generic\pgf\systemlayer\pgfsysprotocol.code.tex
File: pgfsysprotocol.code.tex 2006/10/16  (rcs-revision 1.4)
))
(D:\A\MIKTEX\tex\latex\xcolor\xcolor.sty
Package: xcolor 2016/05/11 v2.12 LaTeX color extensions (UK)

(D:\A\MIKTEX\tex\latex\graphics-cfg\color.cfg
File: color.cfg 2016/01/02 v1.6 sample color configuration
)
Package xcolor Info: Driver file: pdftex.def on input line 225.
Package xcolor Info: Model `cmy' substituted by `cmy0' on input line 1348.
Package xcolor Info: Model `hsb' substituted by `rgb' on input line 1352.
Package xcolor Info: Model `RGB' extended on input line 1364.
Package xcolor Info: Model `HTML' substituted by `rgb' on input line 1366.
Package xcolor Info: Model `Hsb' substituted by `hsb' on input line 1367.
Package xcolor Info: Model `tHsb' substituted by `hsb' on input line 1368.
Package xcolor Info: Model `HSB' substituted by `hsb' on input line 1369.
Package xcolor Info: Model `Gray' substituted by `gray' on input line 1370.
Package xcolor Info: Model `wave' substituted by `hsb' on input line 1371.
)
(D:\A\MIKTEX\tex\generic\pgf\basiclayer\pgfcore.code.tex
Package: pgfcore 2010/04/11 v3.0.1a (rcs-revision 1.7)

(D:\A\MIKTEX\tex\generic\pgf\math\pgfmath.code.tex
(D:\A\MIKTEX\tex\generic\pgf\math\pgfmathcalc.code.tex
(D:\A\MIKTEX\tex\generic\pgf\math\pgfmathutil.code.tex)
(D:\A\MIKTEX\tex\generic\pgf\math\pgfmathparser.code.tex
\pgfmath@dimen=\dimen115
\pgfmath@count=\count96
\pgfmath@box=\box28
\pgfmath@toks=\toks23
\pgfmath@stack@operand=\toks24
\pgfmath@stack@operation=\toks25
)
(D:\A\MIKTEX\tex\generic\pgf\math\pgfmathfunctions.code.tex
(D:\A\MIKTEX\tex\generic\pgf\math\pgfmathfunctions.basic.code.tex)
(D:\A\MIKTEX\tex\generic\pgf\math\pgfmathfunctions.trigonometric.code.tex)
(D:\A\MIKTEX\tex\generic\pgf\math\pgfmathfunctions.random.code.tex)
(D:\A\MIKTEX\tex\generic\pgf\math\pgfmathfunctions.comparison.code.tex)
(D:\A\MIKTEX\tex\generic\pgf\math\pgfmathfunctions.base.code.tex)
(D:\A\MIKTEX\tex\generic\pgf\math\pgfmathfunctions.round.code.tex)
(D:\A\MIKTEX\tex\generic\pgf\math\pgfmathfunctions.misc.code.tex)
(D:\A\MIKTEX\tex\generic\pgf\math\pgfmathfunctions.integerarithmetics.code.tex)
)) (D:\A\MIKTEX\tex\generic\pgf\math\pgfmathfloat.code.tex
\c@pgfmathroundto@lastzeros=\count97
))
(D:\A\MIKTEX\tex\generic\pgf\basiclayer\pgfcorepoints.code.tex
File: pgfcorepoints.code.tex 2013/10/07  (rcs-revision 1.27)
\pgf@picminx=\dimen116
\pgf@picmaxx=\dimen117
\pgf@picminy=\dimen118
\pgf@picmaxy=\dimen119
\pgf@pathminx=\dimen120
\pgf@pathmaxx=\dimen121
\pgf@pathminy=\dimen122
\pgf@pathmaxy=\dimen123
\pgf@xx=\dimen124
\pgf@xy=\dimen125
\pgf@yx=\dimen126
\pgf@yy=\dimen127
\pgf@zx=\dimen128
\pgf@zy=\dimen129
)
(D:\A\MIKTEX\tex\generic\pgf\basiclayer\pgfcorepathconstruct.code.tex
File: pgfcorepathconstruct.code.tex 2013/10/07  (rcs-revision 1.29)
\pgf@path@lastx=\dimen130
\pgf@path@lasty=\dimen131
)
(D:\A\MIKTEX\tex\generic\pgf\basiclayer\pgfcorepathusage.code.tex
File: pgfcorepathusage.code.tex 2014/11/02  (rcs-revision 1.24)
\pgf@shorten@end@additional=\dimen132
\pgf@shorten@start@additional=\dimen133
)
(D:\A\MIKTEX\tex\generic\pgf\basiclayer\pgfcorescopes.code.tex
File: pgfcorescopes.code.tex 2015/05/08  (rcs-revision 1.46)
\pgfpic=\box29
\pgf@hbox=\box30
\pgf@layerbox@main=\box31
\pgf@picture@serial@count=\count98
)
(D:\A\MIKTEX\tex\generic\pgf\basiclayer\pgfcoregraphicstate.code.tex
File: pgfcoregraphicstate.code.tex 2014/11/02  (rcs-revision 1.12)
\pgflinewidth=\dimen134
)
(D:\A\MIKTEX\tex\generic\pgf\basiclayer\pgfcoretransformations.code.tex
File: pgfcoretransformations.code.tex 2015/08/07  (rcs-revision 1.20)
\pgf@pt@x=\dimen135
\pgf@pt@y=\dimen136
\pgf@pt@temp=\dimen137
)
(D:\A\MIKTEX\tex\generic\pgf\basiclayer\pgfcorequick.code.tex
File: pgfcorequick.code.tex 2008/10/09  (rcs-revision 1.3)
)
(D:\A\MIKTEX\tex\generic\pgf\basiclayer\pgfcoreobjects.code.tex
File: pgfcoreobjects.code.tex 2006/10/11  (rcs-revision 1.2)
)
(D:\A\MIKTEX\tex\generic\pgf\basiclayer\pgfcorepathprocessing.code.tex
File: pgfcorepathprocessing.code.tex 2013/09/09  (rcs-revision 1.9)
)
(D:\A\MIKTEX\tex\generic\pgf\basiclayer\pgfcorearrows.code.tex
File: pgfcorearrows.code.tex 2015/05/14  (rcs-revision 1.43)
\pgfarrowsep=\dimen138
)
(D:\A\MIKTEX\tex\generic\pgf\basiclayer\pgfcoreshade.code.tex
File: pgfcoreshade.code.tex 2013/07/15  (rcs-revision 1.15)
\pgf@max=\dimen139
\pgf@sys@shading@range@num=\count99
)
(D:\A\MIKTEX\tex\generic\pgf\basiclayer\pgfcoreimage.code.tex
File: pgfcoreimage.code.tex 2013/07/15  (rcs-revision 1.18)

(D:\A\MIKTEX\tex\generic\pgf\basiclayer\pgfcoreexternal.code.tex
File: pgfcoreexternal.code.tex 2014/07/09  (rcs-revision 1.21)
\pgfexternal@startupbox=\box32
))
(D:\A\MIKTEX\tex\generic\pgf\basiclayer\pgfcorelayers.code.tex
File: pgfcorelayers.code.tex 2013/07/18  (rcs-revision 1.7)
)
(D:\A\MIKTEX\tex\generic\pgf\basiclayer\pgfcoretransparency.code.tex
File: pgfcoretransparency.code.tex 2013/09/30  (rcs-revision 1.5)
)
(D:\A\MIKTEX\tex\generic\pgf\basiclayer\pgfcorepatterns.code.tex
File: pgfcorepatterns.code.tex 2013/11/07  (rcs-revision 1.5)
)))
(D:\A\MIKTEX\tex\generic\pgf\modules\pgfmoduleshapes.code.tex
File: pgfmoduleshapes.code.tex 2014/03/21  (rcs-revision 1.35)
\pgfnodeparttextbox=\box33
)
(D:\A\MIKTEX\tex\generic\pgf\modules\pgfmoduleplot.code.tex
File: pgfmoduleplot.code.tex 2015/08/03  (rcs-revision 1.13)
)
(D:\A\MIKTEX\tex\latex\pgf\compatibility\pgfcomp-version-0-65.sty
Package: pgfcomp-version-0-65 2007/07/03 v3.0.1a (rcs-revision 1.7)
\pgf@nodesepstart=\dimen140
\pgf@nodesepend=\dimen141
)
(D:\A\MIKTEX\tex\latex\pgf\compatibility\pgfcomp-version-1-18.sty
Package: pgfcomp-version-1-18 2007/07/23 v3.0.1a (rcs-revision 1.1)
))
(D:\A\MIKTEX\tex\latex\pgf\utilities\pgffor.sty
(D:\A\MIKTEX\tex\latex\pgf\utilities\pgfkeys.sty
(D:\A\MIKTEX\tex\generic\pgf\utilities\pgfkeys.code.tex))
(D:\A\MIKTEX\tex\latex\pgf\math\pgfmath.sty
(D:\A\MIKTEX\tex\generic\pgf\math\pgfmath.code.tex))
(D:\A\MIKTEX\tex\generic\pgf\utilities\pgffor.code.tex
Package: pgffor 2013/12/13 v3.0.1a (rcs-revision 1.25)

(D:\A\MIKTEX\tex\generic\pgf\math\pgfmath.code.tex)
\pgffor@iter=\dimen142
\pgffor@skip=\dimen143
\pgffor@stack=\toks26
\pgffor@toks=\toks27
))
(D:\A\MIKTEX\tex\generic\pgf\frontendlayer\tikz\tikz.code.tex
Package: tikz 2015/08/07 v3.0.1a (rcs-revision 1.151)

(D:\A\MIKTEX\tex\generic\pgf\libraries\pgflibraryplothandlers.code.tex
File: pgflibraryplothandlers.code.tex 2013/08/31 v3.0.1a (rcs-revision 1.20)
\pgf@plot@mark@count=\count100
\pgfplotmarksize=\dimen144
)
\tikz@lastx=\dimen145
\tikz@lasty=\dimen146
\tikz@lastxsaved=\dimen147
\tikz@lastysaved=\dimen148
\tikzleveldistance=\dimen149
\tikzsiblingdistance=\dimen150
\tikz@figbox=\box34
\tikz@figbox@bg=\box35
\tikz@tempbox=\box36
\tikz@tempbox@bg=\box37
\tikztreelevel=\count101
\tikznumberofchildren=\count102
\tikznumberofcurrentchild=\count103
\tikz@fig@count=\count104

(D:\A\MIKTEX\tex\generic\pgf\modules\pgfmodulematrix.code.tex
File: pgfmodulematrix.code.tex 2013/09/17  (rcs-revision 1.8)
\pgfmatrixcurrentrow=\count105
\pgfmatrixcurrentcolumn=\count106
\pgf@matrix@numberofcolumns=\count107
)
\tikz@expandcount=\count108

(D:\A\MIKTEX\tex\generic\pgf\frontendlayer\tikz\libraries\tikzlibrarytopaths.co
de.tex
File: tikzlibrarytopaths.code.tex 2008/06/17 v3.0.1a (rcs-revision 1.2)
))) (D:\A\MIKTEX\tex\generic\pgfplots\pgfplots.code.tex
(D:\A\MIKTEX\tex\generic\pgfplots\pgfplotscore.code.tex
\t@pgfplots@toka=\toks28
\t@pgfplots@tokb=\toks29
\t@pgfplots@tokc=\toks30
\pgfplots@tmpa=\dimen151
\c@pgfplots@coordindex=\count109
\c@pgfplots@scanlineindex=\count110

(D:\A\MIKTEX\tex\generic\pgfplots\sys\pgfplotssysgeneric.code.tex))
(D:\A\MIKTEX\tex\generic\pgfplots\libs\pgfplotslibrary.code.tex)
(D:\A\MIKTEX\tex\generic\pgfplots\oldpgfcompatib\pgfplotsoldpgfsupp_loader.code
.tex (D:\A\MIKTEX\tex\generic\pgf\libraries\pgflibraryfpu.code.tex)
Package pgfplots: loading complementary arithmetics for your pgf version...

(D:\A\MIKTEX\tex\generic\pgfplots\oldpgfcompatib\pgfplotsoldpgfsupp_pgflibraryf
pu.code.tex)
(D:\A\MIKTEX\tex\generic\pgfplots\oldpgfcompatib\pgfplotsoldpgfsupp_pgfmathfloa
t.code.tex
\c@pgfmathroundto@lastzeros=\count111
)) (D:\A\MIKTEX\tex\generic\pgfplots\util\pgfplotsutil.code.tex
(D:\A\MIKTEX\tex\generic\pgfplots\liststructure\pgfplotsliststructure.code.tex)

(D:\A\MIKTEX\tex\generic\pgfplots\liststructure\pgfplotsliststructureext.code.t
ex) (D:\A\MIKTEX\tex\generic\pgfplots\liststructure\pgfplotsarray.code.tex
\c@pgfplotsarray@tmp=\count112
)
(D:\A\MIKTEX\tex\generic\pgfplots\liststructure\pgfplotsmatrix.code.tex)
(D:\A\MIKTEX\tex\generic\pgfplots\numtable\pgfplotstableshared.code.tex
\c@pgfplotstable@counta=\count113
\t@pgfplotstable@a=\toks31
)
(D:\A\MIKTEX\tex\generic\pgfplots\liststructure\pgfplotsdeque.code.tex)
(D:\A\MIKTEX\tex\generic\pgfplots\util\pgfplotsbinary.code.tex
(D:\A\MIKTEX\tex\generic\pgfplots\util\pgfplotsbinary.data.code.tex))
(D:\A\MIKTEX\tex\generic\pgfplots\util\pgfplotsutil.verb.code.tex)
(D:\A\MIKTEX\tex\generic\pgfplots\libs\pgflibrarypgfplots.surfshading.code.tex
\c@pgfplotslibrarysurf@no=\count114

(D:\A\MIKTEX\tex\generic\pgfplots\sys\pgflibrarypgfplots.surfshading.pgfsys-pdf
tex.def))) (D:\A\MIKTEX\tex\generic\pgfplots\util\pgfplotscolormap.code.tex
(D:\A\MIKTEX\tex\generic\pgfplots\util\pgfplotscolor.code.tex))
(D:\A\MIKTEX\tex\generic\pgfplots\pgfplotsstackedplots.code.tex)
(D:\A\MIKTEX\tex\generic\pgfplots\pgfplotsplothandlers.code.tex
(D:\A\MIKTEX\tex\generic\pgfplots\pgfplotsmeshplothandler.code.tex
(D:\A\MIKTEX\tex\generic\pgfplots\pgfplotsmeshplotimage.code.tex)))
(D:\A\MIKTEX\tex\generic\pgfplots\pgfplots.scaling.code.tex)
(D:\A\MIKTEX\tex\generic\pgfplots\pgfplotscoordprocessing.code.tex)
(D:\A\MIKTEX\tex\generic\pgfplots\pgfplots.errorbars.code.tex)
(D:\A\MIKTEX\tex\generic\pgfplots\pgfplots.markers.code.tex)
(D:\A\MIKTEX\tex\generic\pgfplots\pgfplotsticks.code.tex)
(D:\A\MIKTEX\tex\generic\pgfplots\pgfplots.paths.code.tex)
(D:\A\MIKTEX\tex\generic\pgf\frontendlayer\tikz\libraries\tikzlibrarydecoration
s.code.tex (D:\A\MIKTEX\tex\generic\pgf\modules\pgfmoduledecorations.code.tex
\pgfdecoratedcompleteddistance=\dimen152
\pgfdecoratedremainingdistance=\dimen153
\pgfdecoratedinputsegmentcompleteddistance=\dimen154
\pgfdecoratedinputsegmentremainingdistance=\dimen155
\pgf@decorate@distancetomove=\dimen156
\pgf@decorate@repeatstate=\count115
\pgfdecorationsegmentamplitude=\dimen157
\pgfdecorationsegmentlength=\dimen158
)
\tikz@lib@dec@box=\box38
)
(D:\A\MIKTEX\tex\generic\pgf\frontendlayer\tikz\libraries\tikzlibrarydecoration
s.pathmorphing.code.tex
(D:\A\MIKTEX\tex\generic\pgf\libraries\decorations\pgflibrarydecorations.pathmo
rphing.code.tex))
(D:\A\MIKTEX\tex\generic\pgf\frontendlayer\tikz\libraries\tikzlibrarydecoration
s.pathreplacing.code.tex
(D:\A\MIKTEX\tex\generic\pgf\libraries\decorations\pgflibrarydecorations.pathre
placing.code.tex))
\pgfplots@numplots=\count116
\pgfplots@xmin@reg=\dimen159
\pgfplots@xmax@reg=\dimen160
\pgfplots@ymin@reg=\dimen161
\pgfplots@ymax@reg=\dimen162
\pgfplots@zmin@reg=\dimen163
\pgfplots@zmax@reg=\dimen164
)
(D:\A\MIKTEX\tex\generic\pgf\frontendlayer\tikz\libraries\tikzlibraryplotmarks.
code.tex
File: tikzlibraryplotmarks.code.tex 2008/01/09 v3.0.1a (rcs-revision 1.1)
 (D:\A\MIKTEX\tex\generic\pgf\libraries\pgflibraryplotmarks.code.tex
File: pgflibraryplotmarks.code.tex 2015/08/03 v3.0.1a (rcs-revision 1.14)
))) (D:\A\MIKTEX\tex\generic\pgfplots\numtable\pgfplotstable.code.tex
(D:\A\MIKTEX\tex\generic\pgfplots\numtable\pgfplotstable.coltype.code.tex))
(D:\A\MIKTEX\tex\latex\tools\array.sty
Package: array 2016/10/06 v2.4d Tabular extension package (FMi)
\col@sep=\dimen165
\extrarowheight=\dimen166
\NC@list=\toks32
\extratabsurround=\skip43
\backup@length=\skip44
))
(D:\A\MIKTEX\tex\latex\booktabs\booktabs.sty
Package: booktabs 2005/04/14 v1.61803 publication quality tables
\heavyrulewidth=\dimen167
\lightrulewidth=\dimen168
\cmidrulewidth=\dimen169
\belowrulesep=\dimen170
\belowbottomsep=\dimen171
\aboverulesep=\dimen172
\abovetopsep=\dimen173
\cmidrulesep=\dimen174
\cmidrulekern=\dimen175
\defaultaddspace=\dimen176
\@cmidla=\count117
\@cmidlb=\count118
\@aboverulesep=\dimen177
\@belowrulesep=\dimen178
\@thisruleclass=\count119
\@lastruleclass=\count120
\@thisrulewidth=\dimen179
)
(D:\A\MIKTEX\tex\latex\colortbl\colortbl.sty
Package: colortbl 2012/02/13 v1.0a Color table columns (DPC)
\everycr=\toks33
\minrowclearance=\skip45
)
(D:\A\MIKTEX\tex\generic\babel\babel.sty
Package: babel 2018/01/04 3.16 The Babel package

(D:\A\MIKTEX\tex\generic\babel\switch.def
File: switch.def 2018/01/04 3.16 Babel switching mechanism
)
*************************************
* Local config file bblopts.cfg used
*
(D:\A\MIKTEX\tex\latex\arabi\bblopts.cfg
File: bblopts.cfg 2005/09/08 v0.1 add Arabic and Farsi to "declared" options of
 babel
)
(D:\A\MIKTEX\tex\latex\babel-russian\russianb.ldf
Language: russian 2017/08/12 1.3j Russian support for the Babel system

(D:\A\MIKTEX\tex\generic\babel\babel.def
File: babel.def 2018/01/04 3.16 Babel common definitions

(D:\A\MIKTEX\tex\generic\babel\switch.def
File: switch.def 2018/01/04 3.16 Babel switching mechanism
)
\babel@savecnt=\count121
\U@D=\dimen180

(D:\A\MIKTEX\tex\generic\babel\txtbabel.def)
\bbl@dirlevel=\count122
)

Package babel Warning: No Cyrillic font encoding has been loaded so far.
(babel)                A font encoding should be declared before babel.
(babel)                Default `T2A' encoding will be loaded  on input line 74.


(D:\A\MIKTEX\tex\latex\cyrillic\t2aenc.def
File: t2aenc.def 2005/09/27 v1.0i Cyrillic encoding definition file
)
Package babel Info: Making " an active character on input line 120.
Package babel Info: Default for \cyrdash is provided on input line 157.
)
(D:\A\MIKTEX\tex\latex\babel-english\english.ldf
Language: english 2017/06/06 v3.3r English support from the babel system
\l@canadian = a dialect from \language\l@american 
\l@australian = a dialect from \language\l@british 
\l@newzealand = a dialect from \language\l@british 
))
(D:\A\MIKTEX\tex\latex\base\inputenc.sty
Package: inputenc 2015/03/17 v1.2c Input encoding file
\inpenc@prehook=\toks34
\inpenc@posthook=\toks35
 (D:\A\MIKTEX\tex\latex\ucs\utf8x.def
File: utf8x.def 2004/10/17 UCS: Input encoding UTF-8
)) (D:\A\MIKTEX\tex\latex\ucs\ucs.sty
Package: ucs 2013/05/11 v2.2 UCS: Unicode input support
 (D:\A\MIKTEX\tex\latex\ucs\uni-global.def
File: uni-global.def 2013/05/13 UCS: Unicode global data
)
\uc@secondtry=\count123
\uc@combtoks=\toks36
\uc@combtoksb=\toks37
\uc@temptokena=\toks38
) (D:\A\MIKTEX\tex\latex\amsfonts\amssymb.sty
Package: amssymb 2013/01/14 v3.01 AMS font symbols

(D:\A\MIKTEX\tex\latex\amsfonts\amsfonts.sty
Package: amsfonts 2013/01/14 v3.01 Basic AMSFonts support
\@emptytoks=\toks39
\symAMSa=\mathgroup4
\symAMSb=\mathgroup5
LaTeX Font Info:    Overwriting math alphabet `\mathfrak' in version `bold'
(Font)                  U/euf/m/n --> U/euf/b/n on input line 106.
))
(D:\A\MIKTEX\tex\latex\amsmath\amsmath.sty
Package: amsmath 2017/09/02 v2.17a AMS math features
\@mathmargin=\skip46

For additional information on amsmath, use the `?' option.
(D:\A\MIKTEX\tex\latex\amsmath\amstext.sty
Package: amstext 2000/06/29 v2.01 AMS text

(D:\A\MIKTEX\tex\latex\amsmath\amsgen.sty
File: amsgen.sty 1999/11/30 v2.0 generic functions
\@emptytoks=\toks40
\ex@=\dimen181
))
(D:\A\MIKTEX\tex\latex\amsmath\amsbsy.sty
Package: amsbsy 1999/11/29 v1.2d Bold Symbols
\pmbraise@=\dimen182
)
(D:\A\MIKTEX\tex\latex\amsmath\amsopn.sty
Package: amsopn 2016/03/08 v2.02 operator names
)
\inf@bad=\count124
LaTeX Info: Redefining \frac on input line 213.
\uproot@=\count125
\leftroot@=\count126
LaTeX Info: Redefining \overline on input line 375.
\classnum@=\count127
\DOTSCASE@=\count128
LaTeX Info: Redefining \ldots on input line 472.
LaTeX Info: Redefining \dots on input line 475.
LaTeX Info: Redefining \cdots on input line 596.
\Mathstrutbox@=\box39
\strutbox@=\box40
\big@size=\dimen183
LaTeX Font Info:    Redeclaring font encoding OML on input line 712.
LaTeX Font Info:    Redeclaring font encoding OMS on input line 713.
\macc@depth=\count129
\c@MaxMatrixCols=\count130
\dotsspace@=\muskip10
\c@parentequation=\count131
\dspbrk@lvl=\count132
\tag@help=\toks41
\row@=\count133
\column@=\count134
\maxfields@=\count135
\andhelp@=\toks42
\eqnshift@=\dimen184
\alignsep@=\dimen185
\tagshift@=\dimen186
\tagwidth@=\dimen187
\totwidth@=\dimen188
\lineht@=\dimen189
\@envbody=\toks43
\multlinegap=\skip47
\multlinetaggap=\skip48
\mathdisplay@stack=\toks44
LaTeX Info: Redefining \[ on input line 2817.
LaTeX Info: Redefining \] on input line 2818.
)
(D:\A\MIKTEX\tex\latex\amscls\amsthm.sty
Package: amsthm 2017/10/31 v2.20.4
\thm@style=\toks45
\thm@bodyfont=\toks46
\thm@headfont=\toks47
\thm@notefont=\toks48
\thm@headpunct=\toks49
\thm@preskip=\skip49
\thm@postskip=\skip50
\thm@headsep=\skip51
\dth@everypar=\toks50
)
(D:\A\MIKTEX\tex\latex\base\fontenc.sty
Package: fontenc 2017/04/05 v2.0i Standard LaTeX package

(D:\A\MIKTEX\tex\latex\cyrillic\t2aenc.def
File: t2aenc.def 2005/09/27 v1.0i Cyrillic encoding definition file
LaTeX Font Info:    Redeclaring font encoding T2A on input line 42.
)
LaTeX Font Info:    Try loading font information for T2A+cmr on input line 105.


(D:\A\MIKTEX\tex\latex\cyrillic\t2acmr.fd
File: t2acmr.fd 2001/08/11 v1.0a Computer Modern Cyrillic font definitions
)))
*
! Emergency stop.
<*> ...–∫–∏–π —Ä–µ–∑–æ–Ω–∞–Ω—Å/pre/pregrapics.tex"
                                                  
End of file on the terminal!

 
Here is how much of TeX's memory you used:
 23498 strings out of 493307
 597122 string characters out of 3145763
 757591 words of memory out of 3000000
 26650 multiletter control sequences out of 15000+200000
 4437 words of font info for 15 fonts, out of 3000000 for 9000
 1141 hyphenation exceptions out of 8191
 69i,0n,119p,848b,609s stack positions out of 5000i,500n,10000p,200000b,50000s
!  ==> Fatal error occurred, no output PDF file produced!
