This is pdfTeX, Version 3.14159265-2.6-1.40.18 (MiKTeX 2.9.6500) (preloaded format=pdflatex 2018.3.25)  31 MAR 2018 21:59
entering extended mode
**"C:/Users/Den&Max/Dropbox/–ª–∞–±–æ—Ä–∞—Ç–æ—Ä–Ω—ã–µ —Ä–∞–±–æ—Ç—ã/–ø—Ä–æ–¥–æ–ª—
å–Ω—ã–µ —É–ª—å—Ç—Ä–∞–∑–≤—É–∫–æ–≤—ã–µ –≤–æ–ª–Ω—ã –≤ –ø—Ä–æ–≤–æ–ª–æ–∫–µ/pre/title
page.tex"

("C:/Users/Den&Max/Dropbox/–ª–∞–±–æ—Ä–∞—Ç–æ—Ä–Ω—ã–µ —Ä–∞–±–æ—Ç—ã/–ø—Ä–æ–¥–æ–ª—å
–Ω—ã–µ —É–ª—å—Ç—Ä–∞–∑–≤—É–∫–æ–≤—ã–µ –≤–æ–ª–Ω—ã –≤ –ø—Ä–æ–≤–æ–ª–æ–∫–µ/pre/titlep
age.tex"
LaTeX2e <2017-04-15>
Babel <3.16> and hyphenation patterns for 72 language(s) loaded.

! LaTeX Error: Environment titlepage undefined.

See the LaTeX manual or LaTeX Companion for explanation.
Type  H <return>  for immediate help.
 ...                                              
                                                  
l.1 \begin{titlepage}
                     
Your command was ignored.
Type  I <command> <return>  to replace it with another command,
or  <return>  to continue without it.


! LaTeX Error: Missing \begin{document}.

See the LaTeX manual or LaTeX Companion for explanation.
Type  H <return>  for immediate help.
 ...                                              
                                                  
l.3 \begin{center}
                  
You're in trouble here.  Try typing  <return>  to proceed.
If that doesn't work, type  X <return>  to quit.


Overfull \hbox (20.0pt too wide) in paragraph at lines 3--3
[] 
 []

Missing character: There is no – in font cmcsc10!
Missing character: There is no ù in font cmcsc10!
Missing character: There is no – in font cmcsc10!
Missing character: There is no ∏ in font cmcsc10!
Missing character: There is no – in font cmcsc10!
Missing character: There is no ∂ in font cmcsc10!
Missing character: There is no – in font cmcsc10!
Missing character: There is no µ in font cmcsc10!
Missing character: There is no – in font cmcsc10!
Missing character: There is no ≥ in font cmcsc10!
Missing character: There is no – in font cmcsc10!
Missing character: There is no æ in font cmcsc10!
Missing character: There is no — in font cmcsc10!
Missing character: There is no Ä in font cmcsc10!
Missing character: There is no – in font cmcsc10!
Missing character: There is no æ in font cmcsc10!
Missing character: There is no – in font cmcsc10!
Missing character: There is no ¥ in font cmcsc10!
Missing character: There is no — in font cmcsc10!
Missing character: There is no Å in font cmcsc10!
Missing character: There is no – in font cmcsc10!
Missing character: There is no ∫ in font cmcsc10!
Missing character: There is no – in font cmcsc10!
Missing character: There is no ∏ in font cmcsc10!
Missing character: There is no – in font cmcsc10!
Missing character: There is no π in font cmcsc10!
Missing character: There is no – in font cmcsc10!
Missing character: There is no ≥ in font cmcsc10!
Missing character: There is no – in font cmcsc10!
Missing character: There is no æ in font cmcsc10!
Missing character: There is no — in font cmcsc10!
Missing character: There is no Å in font cmcsc10!
Missing character: There is no — in font cmcsc10!
Missing character: There is no É in font cmcsc10!
Missing character: There is no – in font cmcsc10!
Missing character: There is no ¥ in font cmcsc10!
Missing character: There is no – in font cmcsc10!
Missing character: There is no ∞ in font cmcsc10!
Missing character: There is no — in font cmcsc10!
Missing character: There is no Ä in font cmcsc10!
Missing character: There is no — in font cmcsc10!
Missing character: There is no Å in font cmcsc10!
Missing character: There is no — in font cmcsc10!
Missing character: There is no Ç in font cmcsc10!
Missing character: There is no – in font cmcsc10!
Missing character: There is no ≤ in font cmcsc10!
Missing character: There is no – in font cmcsc10!
Missing character: There is no µ in font cmcsc10!
Missing character: There is no – in font cmcsc10!
Missing character: There is no Ω in font cmcsc10!
Missing character: There is no – in font cmcsc10!
Missing character: There is no Ω in font cmcsc10!
Missing character: There is no — in font cmcsc10!
Missing character: There is no ã in font cmcsc10!
Missing character: There is no – in font cmcsc10!
Missing character: There is no π in font cmcsc10!
Missing character: There is no — in font cmcsc10!
Missing character: There is no É in font cmcsc10!
Missing character: There is no – in font cmcsc10!
Missing character: There is no Ω in font cmcsc10!
Missing character: There is no – in font cmcsc10!
Missing character: There is no ∏ in font cmcsc10!
Missing character: There is no – in font cmcsc10!
Missing character: There is no ≤ in font cmcsc10!
Missing character: There is no – in font cmcsc10!
Missing character: There is no µ in font cmcsc10!
Missing character: There is no — in font cmcsc10!
Missing character: There is no Ä in font cmcsc10!
Missing character: There is no — in font cmcsc10!
Missing character: There is no Å in font cmcsc10!
Missing character: There is no – in font cmcsc10!
Missing character: There is no ∏ in font cmcsc10!
Missing character: There is no — in font cmcsc10!
Missing character: There is no Ç in font cmcsc10!
Missing character: There is no – in font cmcsc10!
Missing character: There is no µ in font cmcsc10!
Missing character: There is no — in font cmcsc10!
Missing character: There is no Ç in font cmcsc10!
Missing character: There is no – in font cmcsc10!
Missing character: There is no ∏ in font cmcsc10!
Missing character: There is no – in font cmcsc10!
Missing character: There is no º in font cmcsc10!
Missing character: There is no – in font cmcsc10!
Missing character: There is no µ in font cmcsc10!
Missing character: There is no – in font cmcsc10!
Missing character: There is no Ω in font cmcsc10!
Missing character: There is no – in font cmcsc10!
Missing character: There is no ∏ in font cmcsc10!
Missing character: There is no – in font cmcsc10!
Missing character: There is no ù in font cmcsc10!
Missing character: There is no – in font cmcsc10!
Missing character: There is no ò in font cmcsc10!
Missing character: There is no – in font cmcsc10!
Missing character: There is no õ in font cmcsc10!
Missing character: There is no – in font cmcsc10!
Missing character: There is no æ in font cmcsc10!
Missing character: There is no – in font cmcsc10!
Missing character: There is no ± in font cmcsc10!
Missing character: There is no – in font cmcsc10!
Missing character: There is no ∞ in font cmcsc10!
Missing character: There is no — in font cmcsc10!
Missing character: There is no á in font cmcsc10!
Missing character: There is no – in font cmcsc10!
Missing character: There is no µ in font cmcsc10!
Missing character: There is no – in font cmcsc10!
Missing character: There is no ≤ in font cmcsc10!
Missing character: There is no — in font cmcsc10!
Missing character: There is no Å in font cmcsc10!
Missing character: There is no – in font cmcsc10!
Missing character: There is no ∫ in font cmcsc10!
Missing character: There is no – in font cmcsc10!
Missing character: There is no æ in font cmcsc10!
Missing character: There is no – in font cmcsc10!
Missing character: There is no ≥ in font cmcsc10!
Missing character: There is no – in font cmcsc10!
Missing character: There is no æ in font cmcsc10!

Overfull \hbox (8.23141pt too wide) in paragraph at lines 5--6
 \OT1/cmr/m/sc/10 .. 
 []

Missing character: There is no – in font cmcsc10!
Missing character: There is no † in font cmcsc10!
Missing character: There is no – in font cmcsc10!
Missing character: There is no ∞ in font cmcsc10!
Missing character: There is no – in font cmcsc10!
Missing character: There is no ¥ in font cmcsc10!
Missing character: There is no – in font cmcsc10!
Missing character: There is no ∏ in font cmcsc10!
Missing character: There is no – in font cmcsc10!
Missing character: There is no æ in font cmcsc10!
Missing character: There is no — in font cmcsc10!
Missing character: There is no Ñ in font cmcsc10!
Missing character: There is no – in font cmcsc10!
Missing character: There is no ∏ in font cmcsc10!
Missing character: There is no – in font cmcsc10!
Missing character: There is no ∑ in font cmcsc10!
Missing character: There is no – in font cmcsc10!
Missing character: There is no ∏ in font cmcsc10!
Missing character: There is no — in font cmcsc10!
Missing character: There is no á in font cmcsc10!
Missing character: There is no – in font cmcsc10!
Missing character: There is no µ in font cmcsc10!
Missing character: There is no — in font cmcsc10!
Missing character: There is no Å in font cmcsc10!
Missing character: There is no – in font cmcsc10!
Missing character: There is no ∫ in font cmcsc10!
Missing character: There is no – in font cmcsc10!
Missing character: There is no ∏ in font cmcsc10!
Missing character: There is no – in font cmcsc10!
Missing character: There is no π in font cmcsc10!
Missing character: There is no — in font cmcsc10!
Missing character: There is no Ñ in font cmcsc10!
Missing character: There is no – in font cmcsc10!
Missing character: There is no ∞ in font cmcsc10!
Missing character: There is no – in font cmcsc10!
Missing character: There is no ∫ in font cmcsc10!
Missing character: There is no — in font cmcsc10!
Missing character: There is no É in font cmcsc10!
Missing character: There is no – in font cmcsc10!
Missing character: There is no ª in font cmcsc10!
Missing character: There is no — in font cmcsc10!
Missing character: There is no å in font cmcsc10!
Missing character: There is no — in font cmcsc10!
Missing character: There is no Ç in font cmcsc10!
Missing character: There is no – in font cmcsc10!
Missing character: There is no µ in font cmcsc10!
Missing character: There is no — in font cmcsc10!
Missing character: There is no Ç in font cmcsc10!
! Undefined control sequence.
l.11 	{\Large
              –û—Ç—á–µ—Ç –ø–æ –ª–∞–±–æ—Ä–∞—Ç–æ—Ä–Ω–æ–π —Ä–∞–±–æ—Ç–µ ‚Ññ\labn...
The control sequence at the end of the top line
of your error message was never \def'ed. If you have
misspelled it (e.g., `\hobx'), type `I' and the correct
spelling (e.g., `I\hbox'). Otherwise just continue,
and I'll forget about whatever was undefined.

Missing character: There is no – in font nullfont!
Missing character: There is no û in font nullfont!
Missing character: There is no — in font nullfont!
Missing character: There is no Ç in font nullfont!
Missing character: There is no — in font nullfont!
Missing character: There is no á in font nullfont!
Missing character: There is no – in font nullfont!
Missing character: There is no µ in font nullfont!
Missing character: There is no — in font nullfont!
Missing character: There is no Ç in font nullfont!
Missing character: There is no – in font nullfont!
Missing character: There is no ø in font nullfont!
Missing character: There is no – in font nullfont!
Missing character: There is no æ in font nullfont!
Missing character: There is no – in font nullfont!
Missing character: There is no ª in font nullfont!
Missing character: There is no – in font nullfont!
Missing character: There is no ∞ in font nullfont!
Missing character: There is no – in font nullfont!
Missing character: There is no ± in font nullfont!
Missing character: There is no – in font nullfont!
Missing character: There is no æ in font nullfont!
Missing character: There is no — in font nullfont!
Missing character: There is no Ä in font nullfont!
Missing character: There is no – in font nullfont!
Missing character: There is no ∞ in font nullfont!
Missing character: There is no — in font nullfont!
Missing character: There is no Ç in font nullfont!
Missing character: There is no – in font nullfont!
Missing character: There is no æ in font nullfont!
Missing character: There is no — in font nullfont!
Missing character: There is no Ä in font nullfont!
Missing character: There is no – in font nullfont!
Missing character: There is no Ω in font nullfont!
Missing character: There is no – in font nullfont!
Missing character: There is no æ in font nullfont!
Missing character: There is no – in font nullfont!
Missing character: There is no π in font nullfont!
Missing character: There is no — in font nullfont!
Missing character: There is no Ä in font nullfont!
Missing character: There is no – in font nullfont!
Missing character: There is no ∞ in font nullfont!
Missing character: There is no – in font nullfont!
Missing character: There is no ± in font nullfont!
Missing character: There is no – in font nullfont!
Missing character: There is no æ in font nullfont!
Missing character: There is no — in font nullfont!
Missing character: There is no Ç in font nullfont!
Missing character: There is no – in font nullfont!
Missing character: There is no µ in font nullfont!
Missing character: There is no ‚ in font nullfont!
Missing character: There is no Ñ in font nullfont!
Missing character: There is no ñ in font nullfont!
! Undefined control sequence.
l.11 ...–æ—Ä–∞—Ç–æ—Ä–Ω–æ–π —Ä–∞–±–æ—Ç–µ ‚Ññ\labnum
                                                   \vskip 20pt\bfseries \lab...
The control sequence at the end of the top line
of your error message was never \def'ed. If you have
misspelled it (e.g., `\hobx'), type `I' and the correct
spelling (e.g., `I\hbox'). Otherwise just continue,
and I'll forget about whatever was undefined.

! Undefined control sequence.
l.11 ...µ ‚Ññ\labnum \vskip 20pt\bfseries \labname
                                                  }
The control sequence at the end of the top line
of your error message was never \def'ed. If you have
misspelled it (e.g., `\hobx'), type `I' and the correct
spelling (e.g., `I\hbox'). Otherwise just continue,
and I'll forget about whatever was undefined.


Overfull \hbox (20.0pt too wide) in paragraph at lines 17--17
[] 
 []

Missing character: There is no – in font nullfont!
Missing character: There is no † in font nullfont!
Missing character: There is no – in font nullfont!
Missing character: There is no ∞ in font nullfont!
Missing character: There is no – in font nullfont!
Missing character: There is no ± in font nullfont!
Missing character: There is no – in font nullfont!
Missing character: There is no æ in font nullfont!
Missing character: There is no — in font nullfont!
Missing character: There is no Ç in font nullfont!
Missing character: There is no — in font nullfont!
Missing character: There is no É in font nullfont!
Missing character: There is no – in font nullfont!
Missing character: There is no ≤ in font nullfont!
Missing character: There is no — in font nullfont!
Missing character: There is no ã in font nullfont!
Missing character: There is no – in font nullfont!
Missing character: There is no ø in font nullfont!
Missing character: There is no – in font nullfont!
Missing character: There is no æ in font nullfont!
Missing character: There is no – in font nullfont!
Missing character: There is no ª in font nullfont!
Missing character: There is no – in font nullfont!
Missing character: There is no Ω in font nullfont!
Missing character: There is no – in font nullfont!
Missing character: There is no ∏ in font nullfont!
Missing character: There is no – in font nullfont!
Missing character: There is no ª in font nullfont!
Missing character: There is no – in font nullfont!
Missing character: There is no ∏ in font nullfont!
Missing character: There is no — in font nullfont!
Missing character: There is no Å in font nullfont!
Missing character: There is no — in font nullfont!
Missing character: There is no Ç in font nullfont!
Missing character: There is no — in font nullfont!
Missing character: There is no É in font nullfont!
Missing character: There is no – in font nullfont!
Missing character: There is no ¥ in font nullfont!
Missing character: There is no – in font nullfont!
Missing character: There is no µ in font nullfont!
Missing character: There is no – in font nullfont!
Missing character: There is no Ω in font nullfont!
Missing character: There is no — in font nullfont!
Missing character: There is no Ç in font nullfont!
Missing character: There is no — in font nullfont!
Missing character: There is no ã in font nullfont!
! Undefined control sequence.
<recently read> \authors 
                         
l.18 ...–ø–æ–ª–Ω–∏–ª–∏ —Å—Ç—É–¥–µ–Ω—Ç—ã\\ \authors
                                                  \\ 420 –≥—Ä—É–ø–ø—ã\\ \vsk...
The control sequence at the end of the top line
of your error message was never \def'ed. If you have
misspelled it (e.g., `\hobx'), type `I' and the correct
spelling (e.g., `I\hbox'). Otherwise just continue,
and I'll forget about whatever was undefined.


! LaTeX Error: There's no line here to end.

See the LaTeX manual or LaTeX Companion for explanation.
Type  H <return>  for immediate help.
 ...                                              
                                                  
l.18 ...–æ–ª–Ω–∏–ª–∏ —Å—Ç—É–¥–µ–Ω—Ç—ã\\ \authors\\
                                                   420 –≥—Ä—É–ø–ø—ã\\ \vskip...

Your command was ignored.
Type  I <command> <return>  to replace it with another command,
or  <return>  to continue without it.

Missing character: There is no 4 in font nullfont!
Missing character: There is no 2 in font nullfont!
Missing character: There is no 0 in font nullfont!
Missing character: There is no – in font nullfont!
Missing character: There is no ≥ in font nullfont!
Missing character: There is no — in font nullfont!
Missing character: There is no Ä in font nullfont!
Missing character: There is no — in font nullfont!
Missing character: There is no É in font nullfont!
Missing character: There is no – in font nullfont!
Missing character: There is no ø in font nullfont!
Missing character: There is no – in font nullfont!
Missing character: There is no ø in font nullfont!
Missing character: There is no — in font nullfont!
Missing character: There is no ã in font nullfont!
Missing character: There is no – in font nullfont!
Missing character: There is no ü in font nullfont!
Missing character: There is no — in font nullfont!
Missing character: There is no Ä in font nullfont!
Missing character: There is no – in font nullfont!
Missing character: There is no µ in font nullfont!
Missing character: There is no – in font nullfont!
Missing character: There is no ø in font nullfont!
Missing character: There is no – in font nullfont!
Missing character: There is no æ in font nullfont!
Missing character: There is no – in font nullfont!
Missing character: There is no ¥ in font nullfont!
Missing character: There is no – in font nullfont!
Missing character: There is no ∞ in font nullfont!
Missing character: There is no – in font nullfont!
Missing character: There is no ≤ in font nullfont!
Missing character: There is no – in font nullfont!
Missing character: There is no ∞ in font nullfont!
Missing character: There is no — in font nullfont!
Missing character: There is no Ç in font nullfont!
Missing character: There is no – in font nullfont!
Missing character: There is no µ in font nullfont!
Missing character: There is no – in font nullfont!
Missing character: There is no ª in font nullfont!
Missing character: There is no — in font nullfont!
Missing character: There is no å in font nullfont!
Missing character: There is no : in font nullfont!
! Undefined control sequence.
<recently read> \sciadviser 
                            
l.18 ... –ü—Ä–µ–ø–æ–¥–∞–≤–∞—Ç–µ–ª—å:\\ \sciadviser
                                                  }
The control sequence at the end of the top line
of your error message was never \def'ed. If you have
misspelled it (e.g., `\hobx'), type `I' and the correct
spelling (e.g., `I\hbox'). Otherwise just continue,
and I'll forget about whatever was undefined.


Overfull \hbox (20.0pt too wide) in paragraph at lines 23--23
[] 
 []

Missing character: There is no – in font nullfont!
Missing character: There is no ù in font nullfont!
Missing character: There is no – in font nullfont!
Missing character: There is no ∏ in font nullfont!
Missing character: There is no – in font nullfont!
Missing character: There is no ∂ in font nullfont!
Missing character: There is no – in font nullfont!
Missing character: There is no Ω in font nullfont!
Missing character: There is no – in font nullfont!
Missing character: There is no ∏ in font nullfont!
Missing character: There is no – in font nullfont!
Missing character: There is no π in font nullfont!
Missing character: There is no – in font nullfont!
Missing character: There is no ù in font nullfont!
Missing character: There is no – in font nullfont!
Missing character: There is no æ in font nullfont!
Missing character: There is no – in font nullfont!
Missing character: There is no ≤ in font nullfont!
Missing character: There is no – in font nullfont!
Missing character: There is no ≥ in font nullfont!
Missing character: There is no – in font nullfont!
Missing character: There is no æ in font nullfont!
Missing character: There is no — in font nullfont!
Missing character: There is no Ä in font nullfont!
Missing character: There is no – in font nullfont!
Missing character: There is no æ in font nullfont!
Missing character: There is no – in font nullfont!
Missing character: There is no ¥ in font nullfont!
Missing character: There is no , in font nullfont!
Missing character: There is no 2 in font nullfont!
Missing character: There is no 0 in font nullfont!
Missing character: There is no 1 in font nullfont!
Missing character: There is no 8 in font nullfont!

! LaTeX Error: \begin{document} ended by \end{titlepage}.

See the LaTeX manual or LaTeX Companion for explanation.
Type  H <return>  for immediate help.
 ...                                              
                                                  
l.27 \end{titlepage}
                    
Your command was ignored.
Type  I <command> <return>  to replace it with another command,
or  <return>  to continue without it.

)
*
! Emergency stop.
<*> ...—ã –≤ –ø—Ä–æ–≤–æ–ª–æ–∫–µ/pre/titlepage.tex"
                                                  
End of file on the terminal!

 
Here is how much of TeX's memory you used:
 17 strings out of 493341
 786 string characters out of 3142531
 54643 words of memory out of 3000000
 3655 multiletter control sequences out of 15000+200000
 4249 words of font info for 16 fonts, out of 3000000 for 9000
 1127 hyphenation exceptions out of 8191
 13i,1n,10p,319b,116s stack positions out of 5000i,500n,10000p,200000b,50000s
!  ==> Fatal error occurred, no output PDF file produced!
